2025-09-22 20:30:25.502907 INFO::Writing function arguments to log file
2025-09-22 20:30:25.504356 DEBUG::Function arguments
2025-09-22 20:30:25.505092 DEBUG::Output folder: maaslin2_outputE975
2025-09-22 20:30:25.505675 DEBUG::Min Abundance: 0.000000
2025-09-22 20:30:25.506173 DEBUG::Min Prevalence: 0.000000
2025-09-22 20:30:25.506618 DEBUG::Normalization: NONE
2025-09-22 20:30:25.507058 DEBUG::Transform: LOG
2025-09-22 20:30:25.507535 DEBUG::Analysis method: LM
2025-09-22 20:30:25.508062 DEBUG::Max significance: 0.250000
2025-09-22 20:30:25.508598 DEBUG::Random effects: pt_identifier
2025-09-22 20:30:25.509145 DEBUG::Fixed effects: group,week
2025-09-22 20:30:25.509723 DEBUG::Correction method: BH
2025-09-22 20:30:25.511735 DEBUG::Standardize: FALSE
2025-09-22 20:30:25.512818 DEBUG::Cores: 1
2025-09-22 20:30:25.51349 INFO::Verifying options selected are valid
2025-09-22 20:30:25.514729 INFO::Determining format of input files
2025-09-22 20:30:25.515831 INFO::Input format is data samples as columns and metadata samples as rows
2025-09-22 20:30:25.51837 DEBUG::Transformed data so samples are rows
2025-09-22 20:30:25.520623 DEBUG::A total of 48 samples were found in both the data and metadata
2025-09-22 20:30:25.521262 DEBUG::Reordering data/metadata to use same sample ordering
2025-09-22 20:30:25.525947 INFO::Formula for random effects: expr ~ (1 | pt_identifier)
2025-09-22 20:30:25.529717 INFO::Formula for fixed effects: expr ~  group + week
2025-09-22 20:30:25.531978 INFO::Filter data based on min abundance and min prevalence
2025-09-22 20:30:25.533402 INFO::Total samples in data: 48
2025-09-22 20:30:25.534492 INFO::Min samples required with min abundance for a feature not to be filtered: 0.000000
2025-09-22 20:30:25.53994 INFO::Total filtered features: 0
2025-09-22 20:30:25.542641 INFO::Filtered feature names from abundance and prevalence filtering:
2025-09-22 20:30:25.612226 INFO::Total filtered features with variance filtering: 0
2025-09-22 20:30:25.613854 INFO::Filtered feature names from variance filtering:
2025-09-22 20:30:25.615172 INFO::Running selected normalization method: NONE
2025-09-22 20:30:25.616447 INFO::Bypass z-score application to metadata
2025-09-22 20:30:25.617794 INFO::Running selected transform method: LOG
2025-09-22 20:30:25.631137 INFO::Running selected analysis method: LM
2025-09-22 20:30:25.633169 INFO::Fitting model to feature number 1, Abiotrophia
2025-09-22 20:30:25.676716 INFO::Fitting model to feature number 2, Acetivibrio
2025-09-22 20:30:25.738167 INFO::Fitting model to feature number 3, Acidaminococcus
2025-09-22 20:30:25.783114 INFO::Fitting model to feature number 4, Actinobaculum
2025-09-22 20:30:25.821481 INFO::Fitting model to feature number 5, Actinomyces
2025-09-22 20:30:25.875837 INFO::Fitting model to feature number 6, Adlercreutzia
2025-09-22 20:30:25.917361 INFO::Fitting model to feature number 7, Agathobaculum
2025-09-22 20:30:25.99536 INFO::Fitting model to feature number 8, Aggregatibacter
2025-09-22 20:30:26.032365 INFO::Fitting model to feature number 9, Akkermansia
2025-09-22 20:30:26.081292 INFO::Fitting model to feature number 10, Alistipes
2025-09-22 20:30:26.121623 INFO::Fitting model to feature number 11, Allisonella
2025-09-22 20:30:26.161742 INFO::Fitting model to feature number 12, Alloscardovia
2025-09-22 20:30:26.199385 INFO::Fitting model to feature number 13, Amedibacillus
2025-09-22 20:30:26.247993 INFO::Fitting model to feature number 14, Amedibacterium
2025-09-22 20:30:26.283536 INFO::Fitting model to feature number 15, Anaerobutyricum
2025-09-22 20:30:26.323394 INFO::Fitting model to feature number 16, Anaerococcus
2025-09-22 20:30:26.362924 INFO::Fitting model to feature number 17, Anaerofilum
2025-09-22 20:30:26.401289 INFO::Fitting model to feature number 18, Anaerofustis
2025-09-22 20:30:26.438724 INFO::Fitting model to feature number 19, Anaeroglobus
2025-09-22 20:30:26.498067 INFO::Fitting model to feature number 20, Anaeromassilibacillus
2025-09-22 20:30:26.542969 INFO::Fitting model to feature number 21, Anaerosacchariphilus
2025-09-22 20:30:26.584399 INFO::Fitting model to feature number 22, Anaerostipes
2025-09-22 20:30:26.629599 INFO::Fitting model to feature number 23, Anaerotignum
2025-09-22 20:30:26.667754 INFO::Fitting model to feature number 24, Anaerotruncus
2025-09-22 20:30:26.703503 INFO::Fitting model to feature number 25, Anaerovibrio
2025-09-22 20:30:26.744515 INFO::Fitting model to feature number 26, Angelakisella
2025-09-22 20:30:26.783718 INFO::Fitting model to feature number 27, Atopobium
2025-09-22 20:30:26.821129 INFO::Fitting model to feature number 28, Bacilliculturomica
2025-09-22 20:30:26.860084 INFO::Fitting model to feature number 29, Bacillus
2025-09-22 20:30:26.913806 INFO::Fitting model to feature number 30, Bacteria_unclassified
2025-09-22 20:30:26.959007 INFO::Fitting model to feature number 31, Bacteroidales_unclassified
2025-09-22 20:30:26.999529 INFO::Fitting model to feature number 32, Bacteroides
2025-09-22 20:30:27.036958 INFO::Fitting model to feature number 33, Bariatricus
2025-09-22 20:30:27.07262 INFO::Fitting model to feature number 34, Barnesiella
2025-09-22 20:30:27.113338 INFO::Fitting model to feature number 35, Berryella
2025-09-22 20:30:27.154071 INFO::Fitting model to feature number 36, Bianquea
2025-09-22 20:30:27.1903 INFO::Fitting model to feature number 37, Bifidobacterium
2025-09-22 20:30:27.230091 INFO::Fitting model to feature number 38, Bilophila
2025-09-22 20:30:27.267806 INFO::Fitting model to feature number 39, Bittarella
2025-09-22 20:30:27.334506 INFO::Fitting model to feature number 40, Blautia
2025-09-22 20:30:27.371765 INFO::Fitting model to feature number 41, Brevibacterium
2025-09-22 20:30:27.41304 INFO::Fitting model to feature number 42, Brotolimicola
2025-09-22 20:30:27.449894 INFO::Fitting model to feature number 43, Bulleidia
2025-09-22 20:30:27.488184 INFO::Fitting model to feature number 44, Burkholderiaceae_unclassified
2025-09-22 20:30:27.527121 INFO::Fitting model to feature number 45, Butyricicoccus
2025-09-22 20:30:27.56769 INFO::Fitting model to feature number 46, Butyricimonas
2025-09-22 20:30:27.604135 INFO::Fitting model to feature number 47, Campylobacter
2025-09-22 20:30:27.652593 INFO::Fitting model to feature number 48, Candidatus_Borkfalkia
2025-09-22 20:30:27.689582 INFO::Fitting model to feature number 49, Candidatus_Cibionibacter
2025-09-22 20:30:27.725329 INFO::Fitting model to feature number 50, Candidatus_Gastranaerophilales_unclassified
2025-09-22 20:30:27.781646 INFO::Fitting model to feature number 51, Candidatus_Nanoperiomorbus
2025-09-22 20:30:27.824041 INFO::Fitting model to feature number 52, Candidatus_Nanosynsacchari
2025-09-22 20:30:27.863094 INFO::Fitting model to feature number 53, Candidatus_Saccharibacteria_unclassified
2025-09-22 20:30:27.900314 INFO::Fitting model to feature number 54, Cardiobacterium
2025-09-22 20:30:27.94094 INFO::Fitting model to feature number 55, Catenibacillus
2025-09-22 20:30:28.019522 INFO::Fitting model to feature number 56, Catenibacterium
2025-09-22 20:30:28.067527 INFO::Fitting model to feature number 57, Christensenella
2025-09-22 20:30:28.103432 INFO::Fitting model to feature number 58, Christensenellaceae_unclassified
2025-09-22 20:30:28.14277 INFO::Fitting model to feature number 59, Citrobacter
2025-09-22 20:30:28.181311 INFO::Fitting model to feature number 60, Cloacibacillus
2025-09-22 20:30:28.233501 INFO::Fitting model to feature number 61, Clostridia_unclassified
2025-09-22 20:30:28.275281 INFO::Fitting model to feature number 62, Clostridiaceae_unclassified
2025-09-22 20:30:28.318009 INFO::Fitting model to feature number 63, Clostridium
2025-09-22 20:30:28.356032 INFO::Fitting model to feature number 64, Colibacter
2025-09-22 20:30:28.409842 INFO::Fitting model to feature number 65, Colidextribacter
2025-09-22 20:30:28.447029 INFO::Fitting model to feature number 66, Collinsella
2025-09-22 20:30:28.490927 INFO::Fitting model to feature number 67, Companilactobacillus
2025-09-22 20:30:28.534228 INFO::Fitting model to feature number 68, Congzhengia
2025-09-22 20:30:28.573623 INFO::Fitting model to feature number 69, Coprobacter
2025-09-22 20:30:28.614316 INFO::Fitting model to feature number 70, Coprococcus
2025-09-22 20:30:28.669841 INFO::Fitting model to feature number 71, Coriobacteriaceae_unclassified
2025-09-22 20:30:28.716248 INFO::Fitting model to feature number 72, Corynebacterium
2025-09-22 20:30:28.75425 INFO::Fitting model to feature number 73, Cryptobacterium
2025-09-22 20:30:28.802518 INFO::Fitting model to feature number 74, Cuneatibacter
2025-09-22 20:30:28.839384 INFO::Fitting model to feature number 75, Dakarella
2025-09-22 20:30:28.883954 INFO::Fitting model to feature number 76, Desulfovibrio
2025-09-22 20:30:28.926174 INFO::Fitting model to feature number 77, Dialister
2025-09-22 20:30:28.967496 INFO::Fitting model to feature number 78, Dielma
2025-09-22 20:30:29.007033 INFO::Fitting model to feature number 79, Diplocloster
2025-09-22 20:30:29.066767 INFO::Fitting model to feature number 80, Dorea
2025-09-22 20:30:29.106344 INFO::Fitting model to feature number 81, Drancourtella
2025-09-22 20:30:29.158339 INFO::Fitting model to feature number 82, Duodenibacillus
2025-09-22 20:30:29.19706 INFO::Fitting model to feature number 83, Dysosmobacter
2025-09-22 20:30:29.23452 INFO::Fitting model to feature number 84, Eggerthella
2025-09-22 20:30:29.2729 INFO::Fitting model to feature number 85, Eggerthia
2025-09-22 20:30:29.318582 INFO::Fitting model to feature number 86, Eisenbergiella
2025-09-22 20:30:29.363592 INFO::Fitting model to feature number 87, Ellagibacter
2025-09-22 20:30:29.403854 INFO::Fitting model to feature number 88, Emergencia
2025-09-22 20:30:29.456866 INFO::Fitting model to feature number 89, Enorma
2025-09-22 20:30:29.502068 INFO::Fitting model to feature number 90, Enterobacter
2025-09-22 20:30:29.539984 INFO::Fitting model to feature number 91, Enterocloster
2025-09-22 20:30:29.578025 INFO::Fitting model to feature number 92, Enterococcus
2025-09-22 20:30:29.616407 INFO::Fitting model to feature number 93, Erysipelatoclostridium
2025-09-22 20:30:29.657186 INFO::Fitting model to feature number 94, Escherichia
2025-09-22 20:30:29.694665 INFO::Fitting model to feature number 95, Eubacteriaceae_unclassified
2025-09-22 20:30:29.747867 INFO::Fitting model to feature number 96, Eubacteriales_Family_XIII_Incertae_Sedis_unclassified
2025-09-22 20:30:29.788709 INFO::Fitting model to feature number 97, Eubacteriales_unclassified
2025-09-22 20:30:29.830689 INFO::Fitting model to feature number 98, Eubacterium
2025-09-22 20:30:29.87752 INFO::Fitting model to feature number 99, Evtepia
2025-09-22 20:30:29.914761 INFO::Fitting model to feature number 100, Facklamia
2025-09-22 20:30:29.953022 INFO::Fitting model to feature number 101, Faecalibacillus
2025-09-22 20:30:29.993318 INFO::Fitting model to feature number 102, Faecalibacterium
2025-09-22 20:30:30.033262 INFO::Fitting model to feature number 103, Faecalicatena
2025-09-22 20:30:30.072178 INFO::Fitting model to feature number 104, Faecalicoccus
2025-09-22 20:30:30.125905 INFO::Fitting model to feature number 105, Faecalimonas
2025-09-22 20:30:30.16505 INFO::Fitting model to feature number 106, Feifania
2025-09-22 20:30:30.216422 INFO::Fitting model to feature number 107, Finegoldia
2025-09-22 20:30:30.252577 INFO::Fitting model to feature number 108, Flavonifractor
2025-09-22 20:30:30.29059 INFO::Fitting model to feature number 109, Fournierella
2025-09-22 20:30:30.332898 INFO::Fitting model to feature number 110, Fumia
2025-09-22 20:30:30.374509 INFO::Fitting model to feature number 111, Fusicatenibacter
2025-09-22 20:30:30.415077 INFO::Fitting model to feature number 112, GGB10692
2025-09-22 20:30:30.452679 INFO::Fitting model to feature number 113, GGB1093
2025-09-22 20:30:30.505923 INFO::Fitting model to feature number 114, GGB1215
2025-09-22 20:30:30.554078 INFO::Fitting model to feature number 115, GGB1247
2025-09-22 20:30:30.612088 INFO::Fitting model to feature number 116, GGB1266
2025-09-22 20:30:30.651154 INFO::Fitting model to feature number 117, GGB12693
2025-09-22 20:30:30.687017 INFO::Fitting model to feature number 118, GGB12785
2025-09-22 20:30:30.731774 INFO::Fitting model to feature number 119, GGB12788
2025-09-22 20:30:30.767988 INFO::Fitting model to feature number 120, GGB12794
2025-09-22 20:30:30.818956 INFO::Fitting model to feature number 121, GGB12798
2025-09-22 20:30:30.867087 INFO::Fitting model to feature number 122, GGB13283
2025-09-22 20:30:30.904995 INFO::Fitting model to feature number 123, GGB1331
2025-09-22 20:30:30.961675 INFO::Fitting model to feature number 124, GGB13404
2025-09-22 20:30:30.999502 INFO::Fitting model to feature number 125, GGB13489
2025-09-22 20:30:31.039803 INFO::Fitting model to feature number 126, GGB13493
2025-09-22 20:30:31.079479 INFO::Fitting model to feature number 127, GGB13818
2025-09-22 20:30:31.11936 INFO::Fitting model to feature number 128, GGB1420
2025-09-22 20:30:31.217113 INFO::Fitting model to feature number 129, GGB1425
2025-09-22 20:30:31.255146 INFO::Fitting model to feature number 130, GGB1455
2025-09-22 20:30:31.29599 INFO::Fitting model to feature number 131, GGB1456
2025-09-22 20:30:31.334448 INFO::Fitting model to feature number 132, GGB1458
2025-09-22 20:30:31.382926 INFO::Fitting model to feature number 133, GGB1497
2025-09-22 20:30:31.41909 INFO::Fitting model to feature number 134, GGB1505
2025-09-22 20:30:31.458102 INFO::Fitting model to feature number 135, GGB1538
2025-09-22 20:30:31.495704 INFO::Fitting model to feature number 136, GGB1567
2025-09-22 20:30:31.549558 INFO::Fitting model to feature number 137, GGB1568
2025-09-22 20:30:31.589264 INFO::Fitting model to feature number 138, GGB1582
2025-09-22 20:30:31.630889 INFO::Fitting model to feature number 139, GGB1627
2025-09-22 20:30:31.667841 INFO::Fitting model to feature number 140, GGB1629
2025-09-22 20:30:31.718962 INFO::Fitting model to feature number 141, GGB1662
2025-09-22 20:30:31.756731 INFO::Fitting model to feature number 142, GGB1690
2025-09-22 20:30:31.797471 INFO::Fitting model to feature number 143, GGB18703
2025-09-22 20:30:31.834296 INFO::Fitting model to feature number 144, GGB2653
2025-09-22 20:30:31.876164 INFO::Fitting model to feature number 145, GGB2657
2025-09-22 20:30:31.92408 INFO::Fitting model to feature number 146, GGB28319
2025-09-22 20:30:31.966357 INFO::Fitting model to feature number 147, GGB28474
2025-09-22 20:30:32.004047 INFO::Fitting model to feature number 148, GGB2848
2025-09-22 20:30:32.044914 INFO::Fitting model to feature number 149, GGB2958
2025-09-22 20:30:32.089326 INFO::Fitting model to feature number 150, GGB2970
2025-09-22 20:30:32.127557 INFO::Fitting model to feature number 151, GGB2977
2025-09-22 20:30:32.164219 INFO::Fitting model to feature number 152, GGB2980
2025-09-22 20:30:32.201056 INFO::Fitting model to feature number 153, GGB2982
2025-09-22 20:30:32.238162 INFO::Fitting model to feature number 154, GGB2983
2025-09-22 20:30:32.281965 INFO::Fitting model to feature number 155, GGB2987
2025-09-22 20:30:32.332559 INFO::Fitting model to feature number 156, GGB2996
2025-09-22 20:30:32.370642 INFO::Fitting model to feature number 157, GGB2998
2025-09-22 20:30:32.417648 INFO::Fitting model to feature number 158, GGB3001
2025-09-22 20:30:32.457376 INFO::Fitting model to feature number 159, GGB3002
2025-09-22 20:30:32.497779 INFO::Fitting model to feature number 160, GGB3003
2025-09-22 20:30:32.537306 INFO::Fitting model to feature number 161, GGB3005
2025-09-22 20:30:32.575906 INFO::Fitting model to feature number 162, GGB3032
2025-09-22 20:30:32.632131 INFO::Fitting model to feature number 163, GGB3033
2025-09-22 20:30:32.670188 INFO::Fitting model to feature number 164, GGB3034
2025-09-22 20:30:32.706946 INFO::Fitting model to feature number 165, GGB3061
2025-09-22 20:30:32.74952 INFO::Fitting model to feature number 166, GGB3109
2025-09-22 20:30:32.803238 INFO::Fitting model to feature number 167, GGB3118
2025-09-22 20:30:32.840673 INFO::Fitting model to feature number 168, GGB31234
2025-09-22 20:30:32.880392 INFO::Fitting model to feature number 169, GGB3124
2025-09-22 20:30:32.925227 INFO::Fitting model to feature number 170, GGB3126
2025-09-22 20:30:32.973167 INFO::Fitting model to feature number 171, GGB3140
2025-09-22 20:30:33.01335 INFO::Fitting model to feature number 172, GGB3141
2025-09-22 20:30:33.051268 INFO::Fitting model to feature number 173, GGB3142
2025-09-22 20:30:33.090218 INFO::Fitting model to feature number 174, GGB3160
2025-09-22 20:30:33.134971 INFO::Fitting model to feature number 175, GGB3175
2025-09-22 20:30:33.170996 INFO::Fitting model to feature number 176, GGB3213
2025-09-22 20:30:33.209465 INFO::Fitting model to feature number 177, GGB32387
2025-09-22 20:30:33.249364 INFO::Fitting model to feature number 178, GGB3256
2025-09-22 20:30:33.304641 INFO::Fitting model to feature number 179, GGB3260
2025-09-22 20:30:33.34628 INFO::Fitting model to feature number 180, GGB3277
2025-09-22 20:30:33.383091 INFO::Fitting model to feature number 181, GGB3278
2025-09-22 20:30:33.418102 INFO::Fitting model to feature number 182, GGB3286
2025-09-22 20:30:33.455897 INFO::Fitting model to feature number 183, GGB3287
2025-09-22 20:30:33.503239 INFO::Fitting model to feature number 184, GGB3289
2025-09-22 20:30:33.545097 INFO::Fitting model to feature number 185, GGB32900
2025-09-22 20:30:33.580053 INFO::Fitting model to feature number 186, GGB3303
2025-09-22 20:30:33.617866 INFO::Fitting model to feature number 187, GGB3304
2025-09-22 20:30:33.655559 INFO::Fitting model to feature number 188, GGB3305
2025-09-22 20:30:33.713077 INFO::Fitting model to feature number 189, GGB3306
2025-09-22 20:30:33.753426 INFO::Fitting model to feature number 190, GGB3321
2025-09-22 20:30:33.790286 INFO::Fitting model to feature number 191, GGB3325
2025-09-22 20:30:33.835051 INFO::Fitting model to feature number 192, GGB3345
2025-09-22 20:30:33.877324 INFO::Fitting model to feature number 193, GGB33469
2025-09-22 20:30:33.916518 INFO::Fitting model to feature number 194, GGB3351
2025-09-22 20:30:33.957115 INFO::Fitting model to feature number 195, GGB33512
2025-09-22 20:30:33.999262 INFO::Fitting model to feature number 196, GGB3352
2025-09-22 20:30:34.039434 INFO::Fitting model to feature number 197, GGB33539
2025-09-22 20:30:34.091028 INFO::Fitting model to feature number 198, GGB33544
2025-09-22 20:30:34.135669 INFO::Fitting model to feature number 199, GGB33586
2025-09-22 20:30:34.17346 INFO::Fitting model to feature number 200, GGB3363
2025-09-22 20:30:34.229202 INFO::Fitting model to feature number 201, GGB34197
2025-09-22 20:30:34.268296 INFO::Fitting model to feature number 202, GGB34228
2025-09-22 20:30:34.3133 INFO::Fitting model to feature number 203, GGB34231
2025-09-22 20:30:34.352448 INFO::Fitting model to feature number 204, GGB3429
2025-09-22 20:30:34.388921 INFO::Fitting model to feature number 205, GGB3433
2025-09-22 20:30:34.450273 INFO::Fitting model to feature number 206, GGB3444
2025-09-22 20:30:34.489887 INFO::Fitting model to feature number 207, GGB3446
2025-09-22 20:30:34.527061 INFO::Fitting model to feature number 208, GGB3449
2025-09-22 20:30:34.573041 INFO::Fitting model to feature number 209, GGB34540
2025-09-22 20:30:34.611834 INFO::Fitting model to feature number 210, GGB3475
2025-09-22 20:30:34.650622 INFO::Fitting model to feature number 211, GGB3478
2025-09-22 20:30:34.690423 INFO::Fitting model to feature number 212, GGB34797
2025-09-22 20:30:34.727496 INFO::Fitting model to feature number 213, GGB3480
2025-09-22 20:30:34.779717 INFO::Fitting model to feature number 214, GGB3486
2025-09-22 20:30:34.817987 INFO::Fitting model to feature number 215, GGB3490
2025-09-22 20:30:34.855947 INFO::Fitting model to feature number 216, GGB34900
2025-09-22 20:30:34.89348 INFO::Fitting model to feature number 217, GGB3491
2025-09-22 20:30:34.939672 INFO::Fitting model to feature number 218, GGB3496
2025-09-22 20:30:34.979308 INFO::Fitting model to feature number 219, GGB35068
2025-09-22 20:30:35.015847 INFO::Fitting model to feature number 220, GGB3510
2025-09-22 20:30:35.052452 INFO::Fitting model to feature number 221, GGB3511
2025-09-22 20:30:35.103132 INFO::Fitting model to feature number 222, GGB3519
2025-09-22 20:30:35.146791 INFO::Fitting model to feature number 223, GGB3534
2025-09-22 20:30:35.184003 INFO::Fitting model to feature number 224, GGB3537
2025-09-22 20:30:35.219498 INFO::Fitting model to feature number 225, GGB3538
2025-09-22 20:30:35.269969 INFO::Fitting model to feature number 226, GGB3548
2025-09-22 20:30:35.313562 INFO::Fitting model to feature number 227, GGB3550
2025-09-22 20:30:35.350032 INFO::Fitting model to feature number 228, GGB35551
2025-09-22 20:30:35.386325 INFO::Fitting model to feature number 229, GGB35597
2025-09-22 20:30:35.42311 INFO::Fitting model to feature number 230, GGB3569
2025-09-22 20:30:35.482598 INFO::Fitting model to feature number 231, GGB3576
2025-09-22 20:30:35.519691 INFO::Fitting model to feature number 232, GGB3583
2025-09-22 20:30:35.55784 INFO::Fitting model to feature number 233, GGB3585
2025-09-22 20:30:35.59553 INFO::Fitting model to feature number 234, GGB3588
2025-09-22 20:30:35.641514 INFO::Fitting model to feature number 235, GGB3593
2025-09-22 20:30:35.678959 INFO::Fitting model to feature number 236, GGB3602
2025-09-22 20:30:35.714786 INFO::Fitting model to feature number 237, GGB3603
2025-09-22 20:30:35.755193 INFO::Fitting model to feature number 238, GGB3612
2025-09-22 20:30:35.793806 INFO::Fitting model to feature number 239, GGB3616
2025-09-22 20:30:35.843697 INFO::Fitting model to feature number 240, GGB3617
2025-09-22 20:30:35.887599 INFO::Fitting model to feature number 241, GGB3619
2025-09-22 20:30:35.920796 INFO::Fitting model to feature number 242, GGB3626
2025-09-22 20:30:35.967409 INFO::Fitting model to feature number 243, GGB36267
2025-09-22 20:30:36.005119 INFO::Fitting model to feature number 244, GGB3627
2025-09-22 20:30:36.039994 INFO::Fitting model to feature number 245, GGB36331
2025-09-22 20:30:36.077043 INFO::Fitting model to feature number 246, GGB3637
2025-09-22 20:30:36.116645 INFO::Fitting model to feature number 247, GGB3653
2025-09-22 20:30:36.152026 INFO::Fitting model to feature number 248, GGB36599
2025-09-22 20:30:36.202448 INFO::Fitting model to feature number 249, GGB3677
2025-09-22 20:30:36.247791 INFO::Fitting model to feature number 250, GGB3678
2025-09-22 20:30:36.28365 INFO::Fitting model to feature number 251, GGB3722
2025-09-22 20:30:36.333365 INFO::Fitting model to feature number 252, GGB3730
2025-09-22 20:30:36.369654 INFO::Fitting model to feature number 253, GGB3740
2025-09-22 20:30:36.407555 INFO::Fitting model to feature number 254, GGB3816
2025-09-22 20:30:36.447982 INFO::Fitting model to feature number 255, GGB3817
2025-09-22 20:30:36.488046 INFO::Fitting model to feature number 256, GGB3818
2025-09-22 20:30:36.53926 INFO::Fitting model to feature number 257, GGB3819
2025-09-22 20:30:36.582819 INFO::Fitting model to feature number 258, GGB38239
2025-09-22 20:30:36.61922 INFO::Fitting model to feature number 259, GGB3828
2025-09-22 20:30:36.669935 INFO::Fitting model to feature number 260, GGB3859
2025-09-22 20:30:36.707889 INFO::Fitting model to feature number 261, GGB38744
2025-09-22 20:30:36.747633 INFO::Fitting model to feature number 262, GGB3883
2025-09-22 20:30:36.786533 INFO::Fitting model to feature number 263, GGB38873
2025-09-22 20:30:36.82459 INFO::Fitting model to feature number 264, GGB3892
2025-09-22 20:30:36.88039 INFO::Fitting model to feature number 265, GGB38987
2025-09-22 20:30:36.923653 INFO::Fitting model to feature number 266, GGB39037
2025-09-22 20:30:36.96461 INFO::Fitting model to feature number 267, GGB40351
2025-09-22 20:30:37.00627 INFO::Fitting model to feature number 268, GGB41366
2025-09-22 20:30:37.055236 INFO::Fitting model to feature number 269, GGB41458
2025-09-22 20:30:37.095829 INFO::Fitting model to feature number 270, GGB41473
2025-09-22 20:30:37.132561 INFO::Fitting model to feature number 271, GGB42378
2025-09-22 20:30:37.170886 INFO::Fitting model to feature number 272, GGB42389
2025-09-22 20:30:37.222872 INFO::Fitting model to feature number 273, GGB4260
2025-09-22 20:30:37.268912 INFO::Fitting model to feature number 274, GGB4263
2025-09-22 20:30:37.305844 INFO::Fitting model to feature number 275, GGB42639
2025-09-22 20:30:37.34912 INFO::Fitting model to feature number 276, GGB4266
2025-09-22 20:30:37.396012 INFO::Fitting model to feature number 277, GGB42689
2025-09-22 20:30:37.43438 INFO::Fitting model to feature number 278, GGB4277
2025-09-22 20:30:37.471543 INFO::Fitting model to feature number 279, GGB43675
2025-09-22 20:30:37.510941 INFO::Fitting model to feature number 280, GGB44201
2025-09-22 20:30:37.56835 INFO::Fitting model to feature number 281, GGB4456
2025-09-22 20:30:37.616905 INFO::Fitting model to feature number 282, GGB4533
2025-09-22 20:30:37.656925 INFO::Fitting model to feature number 283, GGB4535
2025-09-22 20:30:37.728453 INFO::Fitting model to feature number 284, GGB45432
2025-09-22 20:30:37.778406 INFO::Fitting model to feature number 285, GGB45461
2025-09-22 20:30:37.826393 INFO::Fitting model to feature number 286, GGB4549
2025-09-22 20:30:37.866191 INFO::Fitting model to feature number 287, GGB45491
2025-09-22 20:30:37.906128 INFO::Fitting model to feature number 288, GGB45495
2025-09-22 20:30:37.945499 INFO::Fitting model to feature number 289, GGB45497
2025-09-22 20:30:38.002867 INFO::Fitting model to feature number 290, GGB4550
2025-09-22 20:30:38.04081 INFO::Fitting model to feature number 291, GGB45503
2025-09-22 20:30:38.080668 INFO::Fitting model to feature number 292, GGB4552
2025-09-22 20:30:38.117705 INFO::Fitting model to feature number 293, GGB45537
2025-09-22 20:30:38.186777 INFO::Fitting model to feature number 294, GGB45540
2025-09-22 20:30:38.226278 INFO::Fitting model to feature number 295, GGB4555
2025-09-22 20:30:38.267375 INFO::Fitting model to feature number 296, GGB4558
2025-09-22 20:30:38.326524 INFO::Fitting model to feature number 297, GGB4559
2025-09-22 20:30:38.37129 INFO::Fitting model to feature number 298, GGB45596
2025-09-22 20:30:38.413723 INFO::Fitting model to feature number 299, GGB45599
2025-09-22 20:30:38.453385 INFO::Fitting model to feature number 300, GGB45613
2025-09-22 20:30:38.497645 INFO::Fitting model to feature number 301, GGB45620
2025-09-22 20:30:38.546492 INFO::Fitting model to feature number 302, GGB4566
2025-09-22 20:30:38.586816 INFO::Fitting model to feature number 303, GGB4567
2025-09-22 20:30:38.622398 INFO::Fitting model to feature number 304, GGB4569
2025-09-22 20:30:38.662973 INFO::Fitting model to feature number 305, GGB4571
2025-09-22 20:30:38.72132 INFO::Fitting model to feature number 306, GGB4578
2025-09-22 20:30:38.764465 INFO::Fitting model to feature number 307, GGB4580
2025-09-22 20:30:38.806889 INFO::Fitting model to feature number 308, GGB4583
2025-09-22 20:30:38.852564 INFO::Fitting model to feature number 309, GGB4584
2025-09-22 20:30:38.890283 INFO::Fitting model to feature number 310, GGB4585
2025-09-22 20:30:38.940825 INFO::Fitting model to feature number 311, GGB4586
2025-09-22 20:30:38.978407 INFO::Fitting model to feature number 312, GGB4588
2025-09-22 20:30:39.025133 INFO::Fitting model to feature number 313, GGB4591
2025-09-22 20:30:39.0736 INFO::Fitting model to feature number 314, GGB4593
2025-09-22 20:30:39.118931 INFO::Fitting model to feature number 315, GGB4597
2025-09-22 20:30:39.156262 INFO::Fitting model to feature number 316, GGB4603
2025-09-22 20:30:39.201567 INFO::Fitting model to feature number 317, GGB4604
2025-09-22 20:30:39.243665 INFO::Fitting model to feature number 318, GGB4605
2025-09-22 20:30:39.288158 INFO::Fitting model to feature number 319, GGB4632
2025-09-22 20:30:39.337889 INFO::Fitting model to feature number 320, GGB4642
2025-09-22 20:30:39.37423 INFO::Fitting model to feature number 321, GGB4644
2025-09-22 20:30:39.420525 INFO::Fitting model to feature number 322, GGB4652
2025-09-22 20:30:39.468797 INFO::Fitting model to feature number 323, GGB4657
2025-09-22 20:30:39.516443 INFO::Fitting model to feature number 324, GGB4659
2025-09-22 20:30:39.558372 INFO::Fitting model to feature number 325, GGB4664
2025-09-22 20:30:39.597898 INFO::Fitting model to feature number 326, GGB4674
2025-09-22 20:30:39.637082 INFO::Fitting model to feature number 327, GGB4676
2025-09-22 20:30:39.686055 INFO::Fitting model to feature number 328, GGB4681
2025-09-22 20:30:39.722475 INFO::Fitting model to feature number 329, GGB4683
2025-09-22 20:30:39.762827 INFO::Fitting model to feature number 330, GGB4684
2025-09-22 20:30:39.817376 INFO::Fitting model to feature number 331, GGB4689
2025-09-22 20:30:39.868739 INFO::Fitting model to feature number 332, GGB4699
2025-09-22 20:30:39.907294 INFO::Fitting model to feature number 333, GGB4700
2025-09-22 20:30:39.949169 INFO::Fitting model to feature number 334, GGB4713
2025-09-22 20:30:39.99009 INFO::Fitting model to feature number 335, GGB47148
2025-09-22 20:30:40.030645 INFO::Fitting model to feature number 336, GGB4739
2025-09-22 20:30:40.080643 INFO::Fitting model to feature number 337, GGB4745
2025-09-22 20:30:40.11548 INFO::Fitting model to feature number 338, GGB4754
2025-09-22 20:30:40.157791 INFO::Fitting model to feature number 339, GGB47687
2025-09-22 20:30:40.199047 INFO::Fitting model to feature number 340, GGB4769
2025-09-22 20:30:40.256536 INFO::Fitting model to feature number 341, GGB4774
2025-09-22 20:30:40.300766 INFO::Fitting model to feature number 342, GGB48169
2025-09-22 20:30:40.34049 INFO::Fitting model to feature number 343, GGB49418
2025-09-22 20:30:40.384336 INFO::Fitting model to feature number 344, GGB4964
2025-09-22 20:30:40.437146 INFO::Fitting model to feature number 345, GGB51139
2025-09-22 20:30:40.473749 INFO::Fitting model to feature number 346, GGB51441
2025-09-22 20:30:40.516631 INFO::Fitting model to feature number 347, GGB51647
2025-09-22 20:30:40.554371 INFO::Fitting model to feature number 348, GGB51884
2025-09-22 20:30:40.59555 INFO::Fitting model to feature number 349, GGB51959
2025-09-22 20:30:40.651049 INFO::Fitting model to feature number 350, GGB52106
2025-09-22 20:30:40.696293 INFO::Fitting model to feature number 351, GGB52130
2025-09-22 20:30:40.736534 INFO::Fitting model to feature number 352, GGB52283
2025-09-22 20:30:40.784806 INFO::Fitting model to feature number 353, GGB52930
2025-09-22 20:30:40.823913 INFO::Fitting model to feature number 354, GGB53380
2025-09-22 20:30:40.866519 INFO::Fitting model to feature number 355, GGB58067
2025-09-22 20:30:40.903503 INFO::Fitting model to feature number 356, GGB58071
2025-09-22 20:30:40.944328 INFO::Fitting model to feature number 357, GGB58158
2025-09-22 20:30:40.983727 INFO::Fitting model to feature number 358, GGB58233
2025-09-22 20:30:41.03933 INFO::Fitting model to feature number 359, GGB58485
2025-09-22 20:30:41.086124 INFO::Fitting model to feature number 360, GGB5979
2025-09-22 20:30:41.122708 INFO::Fitting model to feature number 361, GGB5980
2025-09-22 20:30:41.176526 INFO::Fitting model to feature number 362, GGB5997
2025-09-22 20:30:41.216312 INFO::Fitting model to feature number 363, GGB5998
2025-09-22 20:30:41.255686 INFO::Fitting model to feature number 364, GGB6002
2025-09-22 20:30:41.296459 INFO::Fitting model to feature number 365, GGB6006
2025-09-22 20:30:41.33631 INFO::Fitting model to feature number 366, GGB6012
2025-09-22 20:30:41.374207 INFO::Fitting model to feature number 367, GGB6020
2025-09-22 20:30:41.431368 INFO::Fitting model to feature number 368, GGB6123
2025-09-22 20:30:41.473025 INFO::Fitting model to feature number 369, GGB6126
2025-09-22 20:30:41.521312 INFO::Fitting model to feature number 370, GGB6132
2025-09-22 20:30:41.55786 INFO::Fitting model to feature number 371, GGB6133
2025-09-22 20:30:41.598717 INFO::Fitting model to feature number 372, GGB6518
2025-09-22 20:30:41.634274 INFO::Fitting model to feature number 373, GGB6519
2025-09-22 20:30:41.674191 INFO::Fitting model to feature number 374, GGB6522
2025-09-22 20:30:41.711319 INFO::Fitting model to feature number 375, GGB6544
2025-09-22 20:30:41.765681 INFO::Fitting model to feature number 376, GGB6565
2025-09-22 20:30:41.805867 INFO::Fitting model to feature number 377, GGB6566
2025-09-22 20:30:41.844907 INFO::Fitting model to feature number 378, GGB6580
2025-09-22 20:30:41.894532 INFO::Fitting model to feature number 379, GGB6584
2025-09-22 20:30:41.932005 INFO::Fitting model to feature number 380, GGB6600
2025-09-22 20:30:41.970825 INFO::Fitting model to feature number 381, GGB6601
2025-09-22 20:30:42.008403 INFO::Fitting model to feature number 382, GGB6606
2025-09-22 20:30:42.050983 INFO::Fitting model to feature number 383, GGB6608
2025-09-22 20:30:42.101623 INFO::Fitting model to feature number 384, GGB6609
2025-09-22 20:30:42.143906 INFO::Fitting model to feature number 385, GGB6610
2025-09-22 20:30:42.181812 INFO::Fitting model to feature number 386, GGB6612
2025-09-22 20:30:42.227655 INFO::Fitting model to feature number 387, GGB6613
2025-09-22 20:30:42.266505 INFO::Fitting model to feature number 388, GGB6648
2025-09-22 20:30:42.302517 INFO::Fitting model to feature number 389, GGB6649
2025-09-22 20:30:42.341963 INFO::Fitting model to feature number 390, GGB71575
2025-09-22 20:30:42.383482 INFO::Fitting model to feature number 391, GGB71580
2025-09-22 20:30:42.42184 INFO::Fitting model to feature number 392, GGB73496
2025-09-22 20:30:42.473738 INFO::Fitting model to feature number 393, GGB74463
2025-09-22 20:30:42.51513 INFO::Fitting model to feature number 394, GGB74505
2025-09-22 20:30:42.551905 INFO::Fitting model to feature number 395, GGB74511
2025-09-22 20:30:42.600952 INFO::Fitting model to feature number 396, GGB74665
2025-09-22 20:30:42.63816 INFO::Fitting model to feature number 397, GGB74703
2025-09-22 20:30:42.674285 INFO::Fitting model to feature number 398, GGB781
2025-09-22 20:30:42.714016 INFO::Fitting model to feature number 399, GGB79087
2025-09-22 20:30:42.749442 INFO::Fitting model to feature number 400, GGB79097
2025-09-22 20:30:42.787507 INFO::Fitting model to feature number 401, GGB79104
2025-09-22 20:30:42.841515 INFO::Fitting model to feature number 402, GGB87445
2025-09-22 20:30:42.881737 INFO::Fitting model to feature number 403, GGB8965
2025-09-22 20:30:42.931786 INFO::Fitting model to feature number 404, GGB9045
2025-09-22 20:30:42.968603 INFO::Fitting model to feature number 405, GGB9047
2025-09-22 20:30:43.004823 INFO::Fitting model to feature number 406, GGB9051
2025-09-22 20:30:43.043727 INFO::Fitting model to feature number 407, GGB9054
2025-09-22 20:30:43.082641 INFO::Fitting model to feature number 408, GGB9059
2025-09-22 20:30:43.11951 INFO::Fitting model to feature number 409, GGB9061
2025-09-22 20:30:43.171627 INFO::Fitting model to feature number 410, GGB9062
2025-09-22 20:30:43.209251 INFO::Fitting model to feature number 411, GGB9063
2025-09-22 20:30:43.250978 INFO::Fitting model to feature number 412, GGB9064
2025-09-22 20:30:43.302235 INFO::Fitting model to feature number 413, GGB9065
2025-09-22 20:30:43.355443 INFO::Fitting model to feature number 414, GGB9067
2025-09-22 20:30:43.400109 INFO::Fitting model to feature number 415, GGB9071
2025-09-22 20:30:43.436814 INFO::Fitting model to feature number 416, GGB9072
2025-09-22 20:30:43.473998 INFO::Fitting model to feature number 417, GGB9073
2025-09-22 20:30:43.512615 INFO::Fitting model to feature number 418, GGB9081
2025-09-22 20:30:43.551934 INFO::Fitting model to feature number 419, GGB9082
2025-09-22 20:30:43.588954 INFO::Fitting model to feature number 420, GGB9083
2025-09-22 20:30:43.636528 INFO::Fitting model to feature number 421, GGB9089
2025-09-22 20:30:43.673439 INFO::Fitting model to feature number 422, GGB9091
2025-09-22 20:30:43.73309 INFO::Fitting model to feature number 423, GGB9094
2025-09-22 20:30:43.770448 INFO::Fitting model to feature number 424, GGB9101
2025-09-22 20:30:43.813231 INFO::Fitting model to feature number 425, GGB9102
2025-09-22 20:30:43.850962 INFO::Fitting model to feature number 426, GGB9104
2025-09-22 20:30:43.889356 INFO::Fitting model to feature number 427, GGB9109
2025-09-22 20:30:43.930016 INFO::Fitting model to feature number 428, GGB9110
2025-09-22 20:30:43.966181 INFO::Fitting model to feature number 429, GGB9112
2025-09-22 20:30:44.015275 INFO::Fitting model to feature number 430, GGB9115
2025-09-22 20:30:44.050765 INFO::Fitting model to feature number 431, GGB9117
2025-09-22 20:30:44.086441 INFO::Fitting model to feature number 432, GGB9161
2025-09-22 20:30:44.138772 INFO::Fitting model to feature number 433, GGB9172
2025-09-22 20:30:44.177191 INFO::Fitting model to feature number 434, GGB9176
2025-09-22 20:30:44.217785 INFO::Fitting model to feature number 435, GGB9184
2025-09-22 20:30:44.258528 INFO::Fitting model to feature number 436, GGB9185
2025-09-22 20:30:44.302136 INFO::Fitting model to feature number 437, GGB9186
2025-09-22 20:30:44.350435 INFO::Fitting model to feature number 438, GGB9189
2025-09-22 20:30:44.388082 INFO::Fitting model to feature number 439, GGB9198
2025-09-22 20:30:44.429661 INFO::Fitting model to feature number 440, GGB9199
2025-09-22 20:30:44.479993 INFO::Fitting model to feature number 441, GGB9200
2025-09-22 20:30:44.520563 INFO::Fitting model to feature number 442, GGB9209
2025-09-22 20:30:44.558621 INFO::Fitting model to feature number 443, GGB9211
2025-09-22 20:30:44.600226 INFO::Fitting model to feature number 444, GGB9224
2025-09-22 20:30:44.638739 INFO::Fitting model to feature number 445, GGB9225
2025-09-22 20:30:44.675845 INFO::Fitting model to feature number 446, GGB9237
2025-09-22 20:30:44.725278 INFO::Fitting model to feature number 447, GGB9238
2025-09-22 20:30:44.764575 INFO::Fitting model to feature number 448, GGB9239
2025-09-22 20:30:44.814607 INFO::Fitting model to feature number 449, GGB9240
2025-09-22 20:30:44.857262 INFO::Fitting model to feature number 450, GGB9243
2025-09-22 20:30:44.899375 INFO::Fitting model to feature number 451, GGB9249
2025-09-22 20:30:44.935404 INFO::Fitting model to feature number 452, GGB9253
2025-09-22 20:30:44.97541 INFO::Fitting model to feature number 453, GGB9258
2025-09-22 20:30:45.013476 INFO::Fitting model to feature number 454, GGB9261
2025-09-22 20:30:45.061878 INFO::Fitting model to feature number 455, GGB9263
2025-09-22 20:30:45.098943 INFO::Fitting model to feature number 456, GGB9266
2025-09-22 20:30:45.135877 INFO::Fitting model to feature number 457, GGB9267
2025-09-22 20:30:45.191548 INFO::Fitting model to feature number 458, GGB9271
2025-09-22 20:30:45.2314 INFO::Fitting model to feature number 459, GGB9279
2025-09-22 20:30:45.269281 INFO::Fitting model to feature number 460, GGB9287
2025-09-22 20:30:45.307393 INFO::Fitting model to feature number 461, GGB9288
2025-09-22 20:30:45.353366 INFO::Fitting model to feature number 462, GGB9291
2025-09-22 20:30:45.407601 INFO::Fitting model to feature number 463, GGB9293
2025-09-22 20:30:45.448091 INFO::Fitting model to feature number 464, GGB9296
2025-09-22 20:30:45.487907 INFO::Fitting model to feature number 465, GGB9297
2025-09-22 20:30:45.525197 INFO::Fitting model to feature number 466, GGB9299
2025-09-22 20:30:45.565832 INFO::Fitting model to feature number 467, GGB9301
2025-09-22 20:30:45.61839 INFO::Fitting model to feature number 468, GGB9302
2025-09-22 20:30:45.659083 INFO::Fitting model to feature number 469, GGB9303
2025-09-22 20:30:45.698725 INFO::Fitting model to feature number 470, GGB9309
2025-09-22 20:30:45.735373 INFO::Fitting model to feature number 471, GGB9333
2025-09-22 20:30:45.787291 INFO::Fitting model to feature number 472, GGB9342
2025-09-22 20:30:45.823087 INFO::Fitting model to feature number 473, GGB9343
2025-09-22 20:30:45.868029 INFO::Fitting model to feature number 474, GGB9345
2025-09-22 20:30:45.939501 INFO::Fitting model to feature number 475, GGB9347
2025-09-22 20:30:45.986877 INFO::Fitting model to feature number 476, GGB9348
2025-09-22 20:30:46.033839 INFO::Fitting model to feature number 477, GGB9350
2025-09-22 20:30:46.072028 INFO::Fitting model to feature number 478, GGB9359
2025-09-22 20:30:46.109732 INFO::Fitting model to feature number 479, GGB9361
2025-09-22 20:30:46.158639 INFO::Fitting model to feature number 480, GGB9365
2025-09-22 20:30:46.200139 INFO::Fitting model to feature number 481, GGB9370
2025-09-22 20:30:46.237861 INFO::Fitting model to feature number 482, GGB9380
2025-09-22 20:30:46.279599 INFO::Fitting model to feature number 483, GGB9411
2025-09-22 20:30:46.318104 INFO::Fitting model to feature number 484, GGB9412
2025-09-22 20:30:46.367 INFO::Fitting model to feature number 485, GGB9444
2025-09-22 20:30:46.408534 INFO::Fitting model to feature number 486, GGB9445
2025-09-22 20:30:46.451192 INFO::Fitting model to feature number 487, GGB9453
2025-09-22 20:30:46.486697 INFO::Fitting model to feature number 488, GGB9454
2025-09-22 20:30:46.540948 INFO::Fitting model to feature number 489, GGB9464
2025-09-22 20:30:46.615869 INFO::Fitting model to feature number 490, GGB9469
2025-09-22 20:30:46.663416 INFO::Fitting model to feature number 491, GGB9474
2025-09-22 20:30:46.703124 INFO::Fitting model to feature number 492, GGB9480
2025-09-22 20:30:46.7469 INFO::Fitting model to feature number 493, GGB9491
2025-09-22 20:30:46.799999 INFO::Fitting model to feature number 494, GGB9495
2025-09-22 20:30:46.841039 INFO::Fitting model to feature number 495, GGB9499
2025-09-22 20:30:46.881273 INFO::Fitting model to feature number 496, GGB9501
2025-09-22 20:30:46.93367 INFO::Fitting model to feature number 497, GGB9502
2025-09-22 20:30:46.970981 INFO::Fitting model to feature number 498, GGB9509
2025-09-22 20:30:47.017329 INFO::Fitting model to feature number 499, GGB9512
2025-09-22 20:30:47.055158 INFO::Fitting model to feature number 500, GGB9513
2025-09-22 20:30:47.096149 INFO::Fitting model to feature number 501, GGB9522
2025-09-22 20:30:47.152706 INFO::Fitting model to feature number 502, GGB9524
2025-09-22 20:30:47.189441 INFO::Fitting model to feature number 503, GGB9525
2025-09-22 20:30:47.231355 INFO::Fitting model to feature number 504, GGB9529
2025-09-22 20:30:47.269973 INFO::Fitting model to feature number 505, GGB9531
2025-09-22 20:30:47.322179 INFO::Fitting model to feature number 506, GGB9532
2025-09-22 20:30:47.359951 INFO::Fitting model to feature number 507, GGB9533
2025-09-22 20:30:47.415095 INFO::Fitting model to feature number 508, GGB9534
2025-09-22 20:30:47.458649 INFO::Fitting model to feature number 509, GGB9536
2025-09-22 20:30:47.501847 INFO::Fitting model to feature number 510, GGB9537
2025-09-22 20:30:47.540733 INFO::Fitting model to feature number 511, GGB9540
2025-09-22 20:30:47.581596 INFO::Fitting model to feature number 512, GGB9543
2025-09-22 20:30:47.618093 INFO::Fitting model to feature number 513, GGB9545
2025-09-22 20:30:47.669256 INFO::Fitting model to feature number 514, GGB9547
2025-09-22 20:30:47.709231 INFO::Fitting model to feature number 515, GGB9551
2025-09-22 20:30:47.748403 INFO::Fitting model to feature number 516, GGB9559
2025-09-22 20:30:47.798317 INFO::Fitting model to feature number 517, GGB9561
2025-09-22 20:30:47.847358 INFO::Fitting model to feature number 518, GGB9563
2025-09-22 20:30:47.884273 INFO::Fitting model to feature number 519, GGB9574
2025-09-22 20:30:47.922304 INFO::Fitting model to feature number 520, GGB9580
2025-09-22 20:30:47.966487 INFO::Fitting model to feature number 521, GGB9582
2025-09-22 20:30:48.002358 INFO::Fitting model to feature number 522, GGB9583
2025-09-22 20:30:48.058899 INFO::Fitting model to feature number 523, GGB9589
2025-09-22 20:30:48.102068 INFO::Fitting model to feature number 524, GGB9590
2025-09-22 20:30:48.139309 INFO::Fitting model to feature number 525, GGB9593
2025-09-22 20:30:48.201226 INFO::Fitting model to feature number 526, GGB9595
2025-09-22 20:30:48.240741 INFO::Fitting model to feature number 527, GGB9597
2025-09-22 20:30:48.28236 INFO::Fitting model to feature number 528, GGB9602
2025-09-22 20:30:48.320211 INFO::Fitting model to feature number 529, GGB9608
2025-09-22 20:30:48.358874 INFO::Fitting model to feature number 530, GGB9611
2025-09-22 20:30:48.410556 INFO::Fitting model to feature number 531, GGB9613
2025-09-22 20:30:48.450801 INFO::Fitting model to feature number 532, GGB9614
2025-09-22 20:30:48.490026 INFO::Fitting model to feature number 533, GGB9616
2025-09-22 20:30:48.536739 INFO::Fitting model to feature number 534, GGB9618
2025-09-22 20:30:48.588363 INFO::Fitting model to feature number 535, GGB9619
2025-09-22 20:30:48.632543 INFO::Fitting model to feature number 536, GGB9620
2025-09-22 20:30:48.670291 INFO::Fitting model to feature number 537, GGB9621
2025-09-22 20:30:48.707337 INFO::Fitting model to feature number 538, GGB9623
2025-09-22 20:30:48.746934 INFO::Fitting model to feature number 539, GGB9627
2025-09-22 20:30:48.799644 INFO::Fitting model to feature number 540, GGB9630
2025-09-22 20:30:48.836459 INFO::Fitting model to feature number 541, GGB9634
2025-09-22 20:30:48.893139 INFO::Fitting model to feature number 542, GGB9635
2025-09-22 20:30:48.934479 INFO::Fitting model to feature number 543, GGB9636
2025-09-22 20:30:48.973578 INFO::Fitting model to feature number 544, GGB9637
2025-09-22 20:30:49.016896 INFO::Fitting model to feature number 545, GGB9640
2025-09-22 20:30:49.054554 INFO::Fitting model to feature number 546, GGB9641
2025-09-22 20:30:49.098139 INFO::Fitting model to feature number 547, GGB9642
2025-09-22 20:30:49.150744 INFO::Fitting model to feature number 548, GGB9646
2025-09-22 20:30:49.188275 INFO::Fitting model to feature number 549, GGB9667
2025-09-22 20:30:49.225515 INFO::Fitting model to feature number 550, GGB9677
2025-09-22 20:30:49.285572 INFO::Fitting model to feature number 551, GGB9690
2025-09-22 20:30:49.323841 INFO::Fitting model to feature number 552, GGB9691
2025-09-22 20:30:49.363949 INFO::Fitting model to feature number 553, GGB9694
2025-09-22 20:30:49.400466 INFO::Fitting model to feature number 554, GGB9695
2025-09-22 20:30:49.438882 INFO::Fitting model to feature number 555, GGB9696
2025-09-22 20:30:49.478088 INFO::Fitting model to feature number 556, GGB9697
2025-09-22 20:30:49.532815 INFO::Fitting model to feature number 557, GGB9699
2025-09-22 20:30:49.569984 INFO::Fitting model to feature number 558, GGB9702
2025-09-22 20:30:49.613206 INFO::Fitting model to feature number 559, GGB9707
2025-09-22 20:30:49.652482 INFO::Fitting model to feature number 560, GGB9708
2025-09-22 20:30:49.707266 INFO::Fitting model to feature number 561, GGB9710
2025-09-22 20:30:49.751574 INFO::Fitting model to feature number 562, GGB9711
2025-09-22 20:30:49.789361 INFO::Fitting model to feature number 563, GGB9712
2025-09-22 20:30:49.829077 INFO::Fitting model to feature number 564, GGB9715
2025-09-22 20:30:49.876124 INFO::Fitting model to feature number 565, GGB9719
2025-09-22 20:30:49.918783 INFO::Fitting model to feature number 566, GGB9724
2025-09-22 20:30:49.956984 INFO::Fitting model to feature number 567, GGB9730
2025-09-22 20:30:50.000478 INFO::Fitting model to feature number 568, GGB9737
2025-09-22 20:30:50.037552 INFO::Fitting model to feature number 569, GGB9739
2025-09-22 20:30:50.090026 INFO::Fitting model to feature number 570, GGB9747
2025-09-22 20:30:50.136755 INFO::Fitting model to feature number 571, GGB9758
2025-09-22 20:30:50.180652 INFO::Fitting model to feature number 572, GGB9759
2025-09-22 20:30:50.233441 INFO::Fitting model to feature number 573, GGB9760
2025-09-22 20:30:50.271524 INFO::Fitting model to feature number 574, GGB9762
2025-09-22 20:30:50.312495 INFO::Fitting model to feature number 575, GGB9764
2025-09-22 20:30:50.351812 INFO::Fitting model to feature number 576, GGB9765
2025-09-22 20:30:50.391729 INFO::Fitting model to feature number 577, GGB9766
2025-09-22 20:30:50.435552 INFO::Fitting model to feature number 578, GGB9767
2025-09-22 20:30:50.498359 INFO::Fitting model to feature number 579, GGB9769
2025-09-22 20:30:50.540061 INFO::Fitting model to feature number 580, GGB9770
2025-09-22 20:30:50.584936 INFO::Fitting model to feature number 581, GGB9774
2025-09-22 20:30:50.6359 INFO::Fitting model to feature number 582, GGB9775
2025-09-22 20:30:50.673631 INFO::Fitting model to feature number 583, GGB9778
2025-09-22 20:30:50.720552 INFO::Fitting model to feature number 584, GGB9780
2025-09-22 20:30:50.763963 INFO::Fitting model to feature number 585, GGB9781
2025-09-22 20:30:50.803489 INFO::Fitting model to feature number 586, GGB9782
2025-09-22 20:30:50.84778 INFO::Fitting model to feature number 587, GGB9783
2025-09-22 20:30:50.903726 INFO::Fitting model to feature number 588, GGB9784
2025-09-22 20:30:50.948992 INFO::Fitting model to feature number 589, GGB9785
2025-09-22 20:30:51.001597 INFO::Fitting model to feature number 590, GGB9786
2025-09-22 20:30:51.041126 INFO::Fitting model to feature number 591, GGB9787
2025-09-22 20:30:51.082396 INFO::Fitting model to feature number 592, GGB9788
2025-09-22 20:30:51.123309 INFO::Fitting model to feature number 593, GGB9790
2025-09-22 20:30:51.166366 INFO::Fitting model to feature number 594, GGB9813
2025-09-22 20:30:51.20392 INFO::Fitting model to feature number 595, GGB9818
2025-09-22 20:30:51.256838 INFO::Fitting model to feature number 596, GGB9819
2025-09-22 20:30:51.303385 INFO::Fitting model to feature number 597, Gallalistipes
2025-09-22 20:30:51.346837 INFO::Fitting model to feature number 598, Gehongia
2025-09-22 20:30:51.400913 INFO::Fitting model to feature number 599, Gemella
2025-09-22 20:30:51.441374 INFO::Fitting model to feature number 600, Gemmiger
2025-09-22 20:30:51.485031 INFO::Fitting model to feature number 601, Gordonibacter
2025-09-22 20:30:51.523034 INFO::Fitting model to feature number 602, Granulicatella
2025-09-22 20:30:51.562934 INFO::Fitting model to feature number 603, Guopingia
2025-09-22 20:30:51.614466 INFO::Fitting model to feature number 604, Haemophilus
2025-09-22 20:30:51.657025 INFO::Fitting model to feature number 605, Hafnia
2025-09-22 20:30:51.697388 INFO::Fitting model to feature number 606, Holdemanella
2025-09-22 20:30:51.744279 INFO::Fitting model to feature number 607, Holdemania
2025-09-22 20:30:51.782425 INFO::Fitting model to feature number 608, Hungatella
2025-09-22 20:30:51.82109 INFO::Fitting model to feature number 609, Hydrogeniiclostridium
2025-09-22 20:30:51.855379 INFO::Fitting model to feature number 610, Hydrogenoanaerobacterium
2025-09-22 20:30:51.894328 INFO::Fitting model to feature number 611, Intestinibacillus
2025-09-22 20:30:51.933524 INFO::Fitting model to feature number 612, Intestinibacter
2025-09-22 20:30:51.984844 INFO::Fitting model to feature number 613, Intestinimonas
2025-09-22 20:30:52.023222 INFO::Fitting model to feature number 614, Jingyaoa
2025-09-22 20:30:52.060322 INFO::Fitting model to feature number 615, Jutongia
2025-09-22 20:30:52.112276 INFO::Fitting model to feature number 616, Kineothrix
2025-09-22 20:30:52.150279 INFO::Fitting model to feature number 617, Klebsiella
2025-09-22 20:30:52.187897 INFO::Fitting model to feature number 618, Lachnoclostridium
2025-09-22 20:30:52.241816 INFO::Fitting model to feature number 619, Lachnospira
2025-09-22 20:30:52.288013 INFO::Fitting model to feature number 620, Lachnospiraceae_unclassified
2025-09-22 20:30:52.323632 INFO::Fitting model to feature number 621, Lachnotalea
2025-09-22 20:30:52.364144 INFO::Fitting model to feature number 622, Lacrimispora
2025-09-22 20:30:52.400476 INFO::Fitting model to feature number 623, Lacticaseibacillus
2025-09-22 20:30:52.451967 INFO::Fitting model to feature number 624, Lactiplantibacillus
2025-09-22 20:30:52.489041 INFO::Fitting model to feature number 625, Lactobacillus
2025-09-22 20:30:52.525428 INFO::Fitting model to feature number 626, Lactococcus
2025-09-22 20:30:52.56947 INFO::Fitting model to feature number 627, Lactonifactor
2025-09-22 20:30:52.621027 INFO::Fitting model to feature number 628, Lagierella
2025-09-22 20:30:52.661282 INFO::Fitting model to feature number 629, Lancefieldella
2025-09-22 20:30:52.69981 INFO::Fitting model to feature number 630, Latilactobacillus
2025-09-22 20:30:52.737471 INFO::Fitting model to feature number 631, Lawsonella
2025-09-22 20:30:52.788261 INFO::Fitting model to feature number 632, Lawsonibacter
2025-09-22 20:30:52.82672 INFO::Fitting model to feature number 633, Leclercia
2025-09-22 20:30:52.868714 INFO::Fitting model to feature number 634, Lentihominibacter
2025-09-22 20:30:52.904483 INFO::Fitting model to feature number 635, Leuconostoc
2025-09-22 20:30:52.958402 INFO::Fitting model to feature number 636, Levyella
2025-09-22 20:30:53.002512 INFO::Fitting model to feature number 637, Ligaoa
2025-09-22 20:30:53.038564 INFO::Fitting model to feature number 638, Ligilactobacillus
2025-09-22 20:30:53.075111 INFO::Fitting model to feature number 639, Limosilactobacillus
2025-09-22 20:30:53.117476 INFO::Fitting model to feature number 640, Listeria
2025-09-22 20:30:53.168039 INFO::Fitting model to feature number 641, Longicatena
2025-09-22 20:30:53.206666 INFO::Fitting model to feature number 642, Luoshenia
2025-09-22 20:30:53.244665 INFO::Fitting model to feature number 643, Luxibacter
2025-09-22 20:30:53.284814 INFO::Fitting model to feature number 644, Mailhella
2025-09-22 20:30:53.337925 INFO::Fitting model to feature number 645, Marvinbryantia
2025-09-22 20:30:53.383498 INFO::Fitting model to feature number 646, Massilicoli
2025-09-22 20:30:53.422994 INFO::Fitting model to feature number 647, Massiliimalia
2025-09-22 20:30:53.465413 INFO::Fitting model to feature number 648, Massilimicrobiota
2025-09-22 20:30:53.533933 INFO::Fitting model to feature number 649, Massilioclostridium
2025-09-22 20:30:53.570508 INFO::Fitting model to feature number 650, Massilistercora
2025-09-22 20:30:53.606639 INFO::Fitting model to feature number 651, Mediterraneibacter
2025-09-22 20:30:53.646271 INFO::Fitting model to feature number 652, Megamonas
2025-09-22 20:30:53.683013 INFO::Fitting model to feature number 653, Megasphaera
2025-09-22 20:30:53.737708 INFO::Fitting model to feature number 654, Merdibacter
2025-09-22 20:30:53.785373 INFO::Fitting model to feature number 655, Merdimonas
2025-09-22 20:30:53.82517 INFO::Fitting model to feature number 656, Methanobrevibacter
2025-09-22 20:30:53.870911 INFO::Fitting model to feature number 657, Methanomassiliicoccus
2025-09-22 20:30:53.92572 INFO::Fitting model to feature number 658, Methanosphaera
2025-09-22 20:30:53.9669 INFO::Fitting model to feature number 659, Mobiluncus
2025-09-22 20:30:54.004278 INFO::Fitting model to feature number 660, Mogibacterium
2025-09-22 20:30:54.047844 INFO::Fitting model to feature number 661, Monoglobus
2025-09-22 20:30:54.085381 INFO::Fitting model to feature number 662, Mordavella
2025-09-22 20:30:54.139632 INFO::Fitting model to feature number 663, Morganella
2025-09-22 20:30:54.186499 INFO::Fitting model to feature number 664, Murimonas
2025-09-22 20:30:54.227722 INFO::Fitting model to feature number 665, Negativibacillus
2025-09-22 20:30:54.27583 INFO::Fitting model to feature number 666, Neglectibacter
2025-09-22 20:30:54.313619 INFO::Fitting model to feature number 667, Neisseria
2025-09-22 20:30:54.350831 INFO::Fitting model to feature number 668, Neobittarella
2025-09-22 20:30:54.390908 INFO::Fitting model to feature number 669, Odoribacter
2025-09-22 20:30:54.433271 INFO::Fitting model to feature number 670, Olegusella
2025-09-22 20:30:54.469764 INFO::Fitting model to feature number 671, Oliverpabstia
2025-09-22 20:30:54.525081 INFO::Fitting model to feature number 672, Olsenella
2025-09-22 20:30:54.575089 INFO::Fitting model to feature number 673, Oribacterium
2025-09-22 20:30:54.60864 INFO::Fitting model to feature number 674, Oscillibacter
2025-09-22 20:30:54.664698 INFO::Fitting model to feature number 675, Oscillospiraceae_unclassified
2025-09-22 20:30:54.700168 INFO::Fitting model to feature number 676, Oxalobacter
2025-09-22 20:30:54.738589 INFO::Fitting model to feature number 677, Paeniclostridium
2025-09-22 20:30:54.774603 INFO::Fitting model to feature number 678, Parabacteroides
2025-09-22 20:30:54.819179 INFO::Fitting model to feature number 679, Parafannyhessea
2025-09-22 20:30:54.855709 INFO::Fitting model to feature number 680, Paraprevotella
2025-09-22 20:30:54.913806 INFO::Fitting model to feature number 681, Parascardovia
2025-09-22 20:30:54.956828 INFO::Fitting model to feature number 682, Parasutterella
2025-09-22 20:30:55.004701 INFO::Fitting model to feature number 683, Paratractidigestivibacter
2025-09-22 20:30:55.043241 INFO::Fitting model to feature number 684, Parolsenella
2025-09-22 20:30:55.083523 INFO::Fitting model to feature number 685, Parvibacter
2025-09-22 20:30:55.120241 INFO::Fitting model to feature number 686, Pauljensenia
2025-09-22 20:30:55.158729 INFO::Fitting model to feature number 687, Pediococcus
2025-09-22 20:30:55.201493 INFO::Fitting model to feature number 688, Peptidiphaga
2025-09-22 20:30:55.240725 INFO::Fitting model to feature number 689, Peptococcus
2025-09-22 20:30:55.302386 INFO::Fitting model to feature number 690, Peptoniphilus
2025-09-22 20:30:55.348972 INFO::Fitting model to feature number 691, Phascolarctobacterium
2025-09-22 20:30:55.387867 INFO::Fitting model to feature number 692, Phocaeicola
2025-09-22 20:30:55.424249 INFO::Fitting model to feature number 693, Phocea
2025-09-22 20:30:55.466639 INFO::Fitting model to feature number 694, Phytobacter
2025-09-22 20:30:55.503601 INFO::Fitting model to feature number 695, Porphyromonas
2025-09-22 20:30:55.541718 INFO::Fitting model to feature number 696, Prevotella
2025-09-22 20:30:55.581165 INFO::Fitting model to feature number 697, Prevotellamassilia
2025-09-22 20:30:55.617094 INFO::Fitting model to feature number 698, Propionibacterium
2025-09-22 20:30:55.656341 INFO::Fitting model to feature number 699, Propionimicrobium
2025-09-22 20:30:55.725255 INFO::Fitting model to feature number 700, Proteus
2025-09-22 20:30:55.766001 INFO::Fitting model to feature number 701, Provencibacterium
2025-09-22 20:30:55.803221 INFO::Fitting model to feature number 702, Providencia
2025-09-22 20:30:55.842584 INFO::Fitting model to feature number 703, Pseudoflavonifractor
2025-09-22 20:30:55.883667 INFO::Fitting model to feature number 704, Pseudomonas
2025-09-22 20:30:55.921855 INFO::Fitting model to feature number 705, Pseudoramibacter
2025-09-22 20:30:55.961243 INFO::Fitting model to feature number 706, Pseudoruminococcus
2025-09-22 20:30:56.001897 INFO::Fitting model to feature number 707, Qiania
2025-09-22 20:30:56.066624 INFO::Fitting model to feature number 708, Raoultella
2025-09-22 20:30:56.105099 INFO::Fitting model to feature number 709, Raoultibacter
2025-09-22 20:30:56.141956 INFO::Fitting model to feature number 710, Romboutsia
2025-09-22 20:30:56.182547 INFO::Fitting model to feature number 711, Roseburia
2025-09-22 20:30:56.218177 INFO::Fitting model to feature number 712, Rothia
2025-09-22 20:30:56.258349 INFO::Fitting model to feature number 713, Rubneribacter
2025-09-22 20:30:56.296818 INFO::Fitting model to feature number 714, Ruminococcus
2025-09-22 20:30:56.335531 INFO::Fitting model to feature number 715, Ruthenibacterium
2025-09-22 20:30:56.374148 INFO::Fitting model to feature number 716, Salmonella
2025-09-22 20:30:56.447133 INFO::Fitting model to feature number 717, Sanguibacteroides
2025-09-22 20:30:56.486124 INFO::Fitting model to feature number 718, Scardovia
2025-09-22 20:30:56.52334 INFO::Fitting model to feature number 719, Schaalia
2025-09-22 20:30:56.563992 INFO::Fitting model to feature number 720, Segatella
2025-09-22 20:30:56.603509 INFO::Fitting model to feature number 721, Selenomonas
2025-09-22 20:30:56.641682 INFO::Fitting model to feature number 722, Sellimonas
2025-09-22 20:30:56.684461 INFO::Fitting model to feature number 723, Senegalimassilia
2025-09-22 20:30:56.723066 INFO::Fitting model to feature number 724, Serratia
2025-09-22 20:30:56.77566 INFO::Fitting model to feature number 725, Shuttleworthia
2025-09-22 20:30:56.844641 INFO::Fitting model to feature number 726, Simiaoa
2025-09-22 20:30:56.883396 INFO::Fitting model to feature number 727, Slackia
2025-09-22 20:30:56.922068 INFO::Fitting model to feature number 728, Solobacterium
2025-09-22 20:30:56.959362 INFO::Fitting model to feature number 729, Staphylococcus
2025-09-22 20:30:57.000417 INFO::Fitting model to feature number 730, Streptococcus
2025-09-22 20:30:57.041218 INFO::Fitting model to feature number 731, Sutterella
2025-09-22 20:30:57.086157 INFO::Fitting model to feature number 732, Thermophilibacter
2025-09-22 20:30:57.125718 INFO::Fitting model to feature number 733, Tractidigestivibacter
2025-09-22 20:30:57.183131 INFO::Fitting model to feature number 734, Traorella
2025-09-22 20:30:57.239801 INFO::Fitting model to feature number 735, Turicibacter
2025-09-22 20:30:57.284899 INFO::Fitting model to feature number 736, Turicimonas
2025-09-22 20:30:57.325151 INFO::Fitting model to feature number 737, Tyzzerella
2025-09-22 20:30:57.367396 INFO::Fitting model to feature number 738, Veillonella
2025-09-22 20:30:57.402084 INFO::Fitting model to feature number 739, Vescimonas
2025-09-22 20:30:57.438884 INFO::Fitting model to feature number 740, Vibrio
2025-09-22 20:30:57.475673 INFO::Fitting model to feature number 741, Victivallis
2025-09-22 20:30:57.52806 INFO::Fitting model to feature number 742, Wansuia
2025-09-22 20:30:57.569516 INFO::Fitting model to feature number 743, Weissella
2025-09-22 20:30:57.604506 INFO::Fitting model to feature number 744, Wujia
2025-09-22 20:30:57.667805 INFO::Fitting model to feature number 745, Yanshouia
2025-09-22 20:30:57.713041 INFO::Fitting model to feature number 746, Yeguia
2025-09-22 20:30:57.754122 INFO::Fitting model to feature number 747, Youxingia
2025-09-22 20:30:57.791958 INFO::Fitting model to feature number 748, Zhenpiania
2025-09-22 20:30:57.932664 INFO::Counting total values for each feature
2025-09-22 20:30:58.011351 INFO::Writing filtered data to file maaslin2_outputE975/features/filtered_data.tsv
2025-09-22 20:30:58.067748 INFO::Writing filtered, normalized data to file maaslin2_outputE975/features/filtered_data_norm.tsv
2025-09-22 20:30:58.107778 INFO::Writing filtered, normalized, transformed data to file maaslin2_outputE975/features/filtered_data_norm_transformed.tsv
2025-09-22 20:30:58.179292 WARNING::Deleting existing residuals file: maaslin2_outputE975/fits/residuals.rds
2025-09-22 20:30:58.1817 INFO::Writing residuals to file maaslin2_outputE975/fits/residuals.rds
2025-09-22 20:30:58.191868 WARNING::Deleting existing fitted file: maaslin2_outputE975/fits/fitted.rds
2025-09-22 20:30:58.19445 INFO::Writing fitted values to file maaslin2_outputE975/fits/fitted.rds
2025-09-22 20:30:58.203633 WARNING::Deleting existing ranef file: maaslin2_outputE975/fits/ranef.rds
2025-09-22 20:30:58.206073 INFO::Writing extracted random effects to file maaslin2_outputE975/fits/ranef.rds
2025-09-22 20:30:58.210851 INFO::Writing all results to file (ordered by increasing q-values): maaslin2_outputE975/all_results.tsv
2025-09-22 20:30:58.250377 INFO::Writing the significant results (those which are less than or equal to the threshold of 0.250000 ) to file (ordered by increasing q-values): maaslin2_outputE975/significant_results.tsv
