2025-09-22 20:28:21.937072 INFO::Writing function arguments to log file
2025-09-22 20:28:21.938759 DEBUG::Function arguments
2025-09-22 20:28:21.939952 DEBUG::Output folder: maaslin2_outputV107
2025-09-22 20:28:21.940751 DEBUG::Min Abundance: 0.000000
2025-09-22 20:28:21.941341 DEBUG::Min Prevalence: 0.000000
2025-09-22 20:28:21.94182 DEBUG::Normalization: NONE
2025-09-22 20:28:21.942259 DEBUG::Transform: LOG
2025-09-22 20:28:21.942703 DEBUG::Analysis method: LM
2025-09-22 20:28:21.94317 DEBUG::Max significance: 0.250000
2025-09-22 20:28:21.943704 DEBUG::Random effects: pt_identifier
2025-09-22 20:28:21.944149 DEBUG::Fixed effects: group,week
2025-09-22 20:28:21.944594 DEBUG::Correction method: BH
2025-09-22 20:28:21.945022 DEBUG::Standardize: FALSE
2025-09-22 20:28:21.945763 DEBUG::Cores: 1
2025-09-22 20:28:21.946758 INFO::Verifying options selected are valid
2025-09-22 20:28:21.948917 INFO::Determining format of input files
2025-09-22 20:28:21.950677 INFO::Input format is data samples as columns and metadata samples as rows
2025-09-22 20:28:21.955684 DEBUG::Transformed data so samples are rows
2025-09-22 20:28:21.95885 DEBUG::A total of 153 samples were found in both the data and metadata
2025-09-22 20:28:21.959844 DEBUG::Reordering data/metadata to use same sample ordering
2025-09-22 20:28:21.965239 INFO::Formula for random effects: expr ~ (1 | pt_identifier)
2025-09-22 20:28:21.967456 INFO::Formula for fixed effects: expr ~  group + week
2025-09-22 20:28:21.969791 INFO::Filter data based on min abundance and min prevalence
2025-09-22 20:28:21.972012 INFO::Total samples in data: 153
2025-09-22 20:28:21.975237 INFO::Min samples required with min abundance for a feature not to be filtered: 0.000000
2025-09-22 20:28:21.98605 INFO::Total filtered features: 0
2025-09-22 20:28:21.989134 INFO::Filtered feature names from abundance and prevalence filtering:
2025-09-22 20:28:22.008017 INFO::Total filtered features with variance filtering: 0
2025-09-22 20:28:22.010884 INFO::Filtered feature names from variance filtering:
2025-09-22 20:28:22.013467 INFO::Running selected normalization method: NONE
2025-09-22 20:28:22.01719 INFO::Bypass z-score application to metadata
2025-09-22 20:28:22.01835 INFO::Running selected transform method: LOG
2025-09-22 20:28:22.083736 INFO::Running selected analysis method: LM
2025-09-22 20:28:22.085775 INFO::Fitting model to feature number 1, Acidaminococcus
2025-09-22 20:28:22.136598 INFO::Fitting model to feature number 2, Acidipropionibacterium
2025-09-22 20:28:22.178813 INFO::Fitting model to feature number 3, Actinobaculum
2025-09-22 20:28:22.230294 INFO::Fitting model to feature number 4, Actinomyces
2025-09-22 20:28:22.26793 INFO::Fitting model to feature number 5, Adlercreutzia
2025-09-22 20:28:22.309314 INFO::Fitting model to feature number 6, Agathobaculum
2025-09-22 20:28:22.350965 INFO::Fitting model to feature number 7, Akkermansia
2025-09-22 20:28:22.407888 INFO::Fitting model to feature number 8, Alicyclobacillus
2025-09-22 20:28:22.489846 INFO::Fitting model to feature number 9, Alistipes
2025-09-22 20:28:22.527518 INFO::Fitting model to feature number 10, Allisonella
2025-09-22 20:28:22.566995 INFO::Fitting model to feature number 11, Alloscardovia
2025-09-22 20:28:22.616978 INFO::Fitting model to feature number 12, Amedibacterium
2025-09-22 20:28:22.657513 INFO::Fitting model to feature number 13, Anaerobutyricum
2025-09-22 20:28:22.695804 INFO::Fitting model to feature number 14, Anaerococcus
2025-09-22 20:28:22.737445 INFO::Fitting model to feature number 15, Anaerofilum
2025-09-22 20:28:22.778585 INFO::Fitting model to feature number 16, Anaerofustis
2025-09-22 20:28:22.816785 INFO::Fitting model to feature number 17, Anaeroglobus
2025-09-22 20:28:22.870305 INFO::Fitting model to feature number 18, Anaeromassilibacillus
2025-09-22 20:28:22.912129 INFO::Fitting model to feature number 19, Anaerosacchariphilus
2025-09-22 20:28:22.96772 INFO::Fitting model to feature number 20, Anaerostipes
2025-09-22 20:28:23.00967 INFO::Fitting model to feature number 21, Anaerotignum
2025-09-22 20:28:23.050053 INFO::Fitting model to feature number 22, Anaerotruncus
2025-09-22 20:28:23.08516 INFO::Fitting model to feature number 23, Anaerovibrio
2025-09-22 20:28:23.126156 INFO::Fitting model to feature number 24, Anaerovorax
2025-09-22 20:28:23.16576 INFO::Fitting model to feature number 25, Angelakisella
2025-09-22 20:28:23.220758 INFO::Fitting model to feature number 26, Arachnia
2025-09-22 20:28:23.261235 INFO::Fitting model to feature number 27, Atopobium
2025-09-22 20:28:23.31124 INFO::Fitting model to feature number 28, Bacteria_unclassified
2025-09-22 20:28:23.351267 INFO::Fitting model to feature number 29, Bacteroidales_unclassified
2025-09-22 20:28:23.395793 INFO::Fitting model to feature number 30, Bacteroides
2025-09-22 20:28:23.439473 INFO::Fitting model to feature number 31, Bariatricus
2025-09-22 20:28:23.47884 INFO::Fitting model to feature number 32, Barnesiella
2025-09-22 20:28:23.523907 INFO::Fitting model to feature number 33, Bianquea
2025-09-22 20:28:23.577523 INFO::Fitting model to feature number 34, Bifidobacterium
2025-09-22 20:28:23.623589 INFO::Fitting model to feature number 35, Bilophila
2025-09-22 20:28:23.673553 INFO::Fitting model to feature number 36, Bittarella
2025-09-22 20:28:23.71075 INFO::Fitting model to feature number 37, Blautia
2025-09-22 20:28:23.751874 INFO::Fitting model to feature number 38, Brotolimicola
2025-09-22 20:28:23.795477 INFO::Fitting model to feature number 39, Butyricicoccus
2025-09-22 20:28:23.834926 INFO::Fitting model to feature number 40, Butyricimonas
2025-09-22 20:28:23.875937 INFO::Fitting model to feature number 41, Butyrivibrio
2025-09-22 20:28:23.91397 INFO::Fitting model to feature number 42, Campylobacter
2025-09-22 20:28:23.97278 INFO::Fitting model to feature number 43, Candidatus_Borkfalkia
2025-09-22 20:28:24.025103 INFO::Fitting model to feature number 44, Candidatus_Cibionibacter
2025-09-22 20:28:24.065476 INFO::Fitting model to feature number 45, Candidatus_Gastranaerophilales_unclassified
2025-09-22 20:28:24.110274 INFO::Fitting model to feature number 46, Candidatus_Nanoperiomorbus
2025-09-22 20:28:24.156392 INFO::Fitting model to feature number 47, Candidatus_Nanosynsacchari
2025-09-22 20:28:24.200219 INFO::Fitting model to feature number 48, Candidatus_Saccharibacteria_unclassified
2025-09-22 20:28:24.241455 INFO::Fitting model to feature number 49, Catenibacillus
2025-09-22 20:28:24.287026 INFO::Fitting model to feature number 50, Catenibacterium
2025-09-22 20:28:24.325674 INFO::Fitting model to feature number 51, Christensenella
2025-09-22 20:28:24.39264 INFO::Fitting model to feature number 52, Citrobacter
2025-09-22 20:28:24.436716 INFO::Fitting model to feature number 53, Cloacibacillus
2025-09-22 20:28:24.480998 INFO::Fitting model to feature number 54, Clostridia_unclassified
2025-09-22 20:28:24.522686 INFO::Fitting model to feature number 55, Clostridiaceae_unclassified
2025-09-22 20:28:24.565367 INFO::Fitting model to feature number 56, Clostridium
2025-09-22 20:28:24.606581 INFO::Fitting model to feature number 57, Colidextribacter
2025-09-22 20:28:24.643995 INFO::Fitting model to feature number 58, Collinsella
2025-09-22 20:28:24.688941 INFO::Fitting model to feature number 59, Companilactobacillus
2025-09-22 20:28:24.742721 INFO::Fitting model to feature number 60, Coprobacillus
2025-09-22 20:28:24.783008 INFO::Fitting model to feature number 61, Coprobacter
2025-09-22 20:28:24.839686 INFO::Fitting model to feature number 62, Coprococcus
2025-09-22 20:28:24.87966 INFO::Fitting model to feature number 63, Coriobacteriaceae_unclassified
2025-09-22 20:28:24.919736 INFO::Fitting model to feature number 64, Cryptobacterium
2025-09-22 20:28:24.963675 INFO::Fitting model to feature number 65, Cuneatibacter
2025-09-22 20:28:25.001353 INFO::Fitting model to feature number 66, Dakarella
2025-09-22 20:28:25.042245 INFO::Fitting model to feature number 67, Desulfovibrio
2025-09-22 20:28:25.090482 INFO::Fitting model to feature number 68, Dialister
2025-09-22 20:28:25.129276 INFO::Fitting model to feature number 69, Dielma
2025-09-22 20:28:25.167378 INFO::Fitting model to feature number 70, Diplocloster
2025-09-22 20:28:25.225227 INFO::Fitting model to feature number 71, Dorea
2025-09-22 20:28:25.266655 INFO::Fitting model to feature number 72, Drancourtella
2025-09-22 20:28:25.308965 INFO::Fitting model to feature number 73, Duodenibacillus
2025-09-22 20:28:25.349759 INFO::Fitting model to feature number 74, Dysosmobacter
2025-09-22 20:28:25.391176 INFO::Fitting model to feature number 75, Eggerthella
2025-09-22 20:28:25.444854 INFO::Fitting model to feature number 76, Eisenbergiella
2025-09-22 20:28:25.484112 INFO::Fitting model to feature number 77, Ellagibacter
2025-09-22 20:28:25.528194 INFO::Fitting model to feature number 78, Emergencia
2025-09-22 20:28:25.569571 INFO::Fitting model to feature number 79, Enorma
2025-09-22 20:28:25.619063 INFO::Fitting model to feature number 80, Enterobacter
2025-09-22 20:28:25.672114 INFO::Fitting model to feature number 81, Enterocloster
2025-09-22 20:28:25.714844 INFO::Fitting model to feature number 82, Enterococcus
2025-09-22 20:28:25.753599 INFO::Fitting model to feature number 83, Enteroscipio
2025-09-22 20:28:25.808925 INFO::Fitting model to feature number 84, Erysipelatoclostridium
2025-09-22 20:28:25.850715 INFO::Fitting model to feature number 85, Erysipelotrichaceae_unclassified
2025-09-22 20:28:25.891688 INFO::Fitting model to feature number 86, Escherichia
2025-09-22 20:28:25.957165 INFO::Fitting model to feature number 87, Eubacteriaceae_unclassified
2025-09-22 20:28:26.011764 INFO::Fitting model to feature number 88, Eubacteriales_Family_XIII_Incertae_Sedis_unclassified
2025-09-22 20:28:26.068446 INFO::Fitting model to feature number 89, Eubacteriales_unclassified
2025-09-22 20:28:26.113799 INFO::Fitting model to feature number 90, Eubacterium
2025-09-22 20:28:26.150447 INFO::Fitting model to feature number 91, Evtepia
2025-09-22 20:28:26.203798 INFO::Fitting model to feature number 92, Ezakiella
2025-09-22 20:28:26.247296 INFO::Fitting model to feature number 93, Faecalibacillus
2025-09-22 20:28:26.286188 INFO::Fitting model to feature number 94, Faecalibacterium
2025-09-22 20:28:26.329611 INFO::Fitting model to feature number 95, Faecalicatena
2025-09-22 20:28:26.367527 INFO::Fitting model to feature number 96, Faecalicoccus
2025-09-22 20:28:26.426175 INFO::Fitting model to feature number 97, Faecalimonas
2025-09-22 20:28:26.468436 INFO::Fitting model to feature number 98, Faecalitalea
2025-09-22 20:28:26.51004 INFO::Fitting model to feature number 99, Feifania
2025-09-22 20:28:26.563101 INFO::Fitting model to feature number 100, Fenollaria
2025-09-22 20:28:26.633277 INFO::Fitting model to feature number 101, Finegoldia
2025-09-22 20:28:26.694878 INFO::Fitting model to feature number 102, Flavonifractor
2025-09-22 20:28:26.735344 INFO::Fitting model to feature number 103, Fournierella
2025-09-22 20:28:26.777098 INFO::Fitting model to feature number 104, Fumia
2025-09-22 20:28:26.817303 INFO::Fitting model to feature number 105, Fusicatenibacter
2025-09-22 20:28:26.875728 INFO::Fitting model to feature number 106, Fusobacterium
2025-09-22 20:28:26.916908 INFO::Fitting model to feature number 107, GGB10692
2025-09-22 20:28:26.968543 INFO::Fitting model to feature number 108, GGB1146
2025-09-22 20:28:27.012528 INFO::Fitting model to feature number 109, GGB1247
2025-09-22 20:28:27.057669 INFO::Fitting model to feature number 110, GGB1248
2025-09-22 20:28:27.09731 INFO::Fitting model to feature number 111, GGB1266
2025-09-22 20:28:27.14179 INFO::Fitting model to feature number 112, GGB12785
2025-09-22 20:28:27.183717 INFO::Fitting model to feature number 113, GGB1331
2025-09-22 20:28:27.224032 INFO::Fitting model to feature number 114, GGB13404
2025-09-22 20:28:27.277217 INFO::Fitting model to feature number 115, GGB13489
2025-09-22 20:28:27.333222 INFO::Fitting model to feature number 116, GGB13493
2025-09-22 20:28:27.373968 INFO::Fitting model to feature number 117, GGB1387
2025-09-22 20:28:27.416978 INFO::Fitting model to feature number 118, GGB1420
2025-09-22 20:28:27.461263 INFO::Fitting model to feature number 119, GGB1421
2025-09-22 20:28:27.500674 INFO::Fitting model to feature number 120, GGB1425
2025-09-22 20:28:27.543897 INFO::Fitting model to feature number 121, GGB1458
2025-09-22 20:28:27.582171 INFO::Fitting model to feature number 122, GGB1497
2025-09-22 20:28:27.634411 INFO::Fitting model to feature number 123, GGB1505
2025-09-22 20:28:27.676306 INFO::Fitting model to feature number 124, GGB1538
2025-09-22 20:28:27.732929 INFO::Fitting model to feature number 125, GGB1567
2025-09-22 20:28:27.781391 INFO::Fitting model to feature number 126, GGB1568
2025-09-22 20:28:27.819682 INFO::Fitting model to feature number 127, GGB1627
2025-09-22 20:28:27.86179 INFO::Fitting model to feature number 128, GGB1629
2025-09-22 20:28:27.903195 INFO::Fitting model to feature number 129, GGB1632
2025-09-22 20:28:27.943932 INFO::Fitting model to feature number 130, GGB1662
2025-09-22 20:28:28.009692 INFO::Fitting model to feature number 131, GGB1690
2025-09-22 20:28:28.050348 INFO::Fitting model to feature number 132, GGB25454
2025-09-22 20:28:28.091947 INFO::Fitting model to feature number 133, GGB2653
2025-09-22 20:28:28.132292 INFO::Fitting model to feature number 134, GGB2657
2025-09-22 20:28:28.187172 INFO::Fitting model to feature number 135, GGB267
2025-09-22 20:28:28.228772 INFO::Fitting model to feature number 136, GGB28474
2025-09-22 20:28:28.269254 INFO::Fitting model to feature number 137, GGB2848
2025-09-22 20:28:28.312255 INFO::Fitting model to feature number 138, GGB28640
2025-09-22 20:28:28.350913 INFO::Fitting model to feature number 139, GGB2958
2025-09-22 20:28:28.403479 INFO::Fitting model to feature number 140, GGB2977
2025-09-22 20:28:28.445952 INFO::Fitting model to feature number 141, GGB2980
2025-09-22 20:28:28.48416 INFO::Fitting model to feature number 142, GGB2982
2025-09-22 20:28:28.541232 INFO::Fitting model to feature number 143, GGB2983
2025-09-22 20:28:28.58881 INFO::Fitting model to feature number 144, GGB2987
2025-09-22 20:28:28.634063 INFO::Fitting model to feature number 145, GGB2996
2025-09-22 20:28:28.677913 INFO::Fitting model to feature number 146, GGB2998
2025-09-22 20:28:28.716931 INFO::Fitting model to feature number 147, GGB2999
2025-09-22 20:28:28.774724 INFO::Fitting model to feature number 148, GGB3000
2025-09-22 20:28:28.816238 INFO::Fitting model to feature number 149, GGB3001
2025-09-22 20:28:28.857087 INFO::Fitting model to feature number 150, GGB3002
2025-09-22 20:28:28.900756 INFO::Fitting model to feature number 151, GGB3005
2025-09-22 20:28:28.958218 INFO::Fitting model to feature number 152, GGB3032
2025-09-22 20:28:29.000952 INFO::Fitting model to feature number 153, GGB3033
2025-09-22 20:28:29.046622 INFO::Fitting model to feature number 154, GGB3034
2025-09-22 20:28:29.086639 INFO::Fitting model to feature number 155, GGB3057
2025-09-22 20:28:29.149886 INFO::Fitting model to feature number 156, GGB3061
2025-09-22 20:28:29.192616 INFO::Fitting model to feature number 157, GGB3109
2025-09-22 20:28:29.230928 INFO::Fitting model to feature number 158, GGB3111
2025-09-22 20:28:29.27556 INFO::Fitting model to feature number 159, GGB3118
2025-09-22 20:28:29.316063 INFO::Fitting model to feature number 160, GGB31234
2025-09-22 20:28:29.362646 INFO::Fitting model to feature number 161, GGB3126
2025-09-22 20:28:29.413267 INFO::Fitting model to feature number 162, GGB3139
2025-09-22 20:28:29.453607 INFO::Fitting model to feature number 163, GGB3142
2025-09-22 20:28:29.511207 INFO::Fitting model to feature number 164, GGB31460
2025-09-22 20:28:29.553862 INFO::Fitting model to feature number 165, GGB3160
2025-09-22 20:28:29.597239 INFO::Fitting model to feature number 166, GGB3167
2025-09-22 20:28:29.634023 INFO::Fitting model to feature number 167, GGB3175
2025-09-22 20:28:29.676909 INFO::Fitting model to feature number 168, GGB3213
2025-09-22 20:28:29.714847 INFO::Fitting model to feature number 169, GGB32387
2025-09-22 20:28:29.769018 INFO::Fitting model to feature number 170, GGB3256
2025-09-22 20:28:29.814306 INFO::Fitting model to feature number 171, GGB3260
2025-09-22 20:28:29.870161 INFO::Fitting model to feature number 172, GGB3277
2025-09-22 20:28:29.915526 INFO::Fitting model to feature number 173, GGB3278
2025-09-22 20:28:29.958846 INFO::Fitting model to feature number 174, GGB3286
2025-09-22 20:28:30.002426 INFO::Fitting model to feature number 175, GGB3287
2025-09-22 20:28:30.047394 INFO::Fitting model to feature number 176, GGB3289
2025-09-22 20:28:30.086279 INFO::Fitting model to feature number 177, GGB3303
2025-09-22 20:28:30.130656 INFO::Fitting model to feature number 178, GGB3304
2025-09-22 20:28:30.183956 INFO::Fitting model to feature number 179, GGB3305
2025-09-22 20:28:30.242778 INFO::Fitting model to feature number 180, GGB3321
2025-09-22 20:28:30.284442 INFO::Fitting model to feature number 181, GGB3325
2025-09-22 20:28:30.326528 INFO::Fitting model to feature number 182, GGB3345
2025-09-22 20:28:30.364637 INFO::Fitting model to feature number 183, GGB33469
2025-09-22 20:28:30.403617 INFO::Fitting model to feature number 184, GGB3351
2025-09-22 20:28:30.443617 INFO::Fitting model to feature number 185, GGB33512
2025-09-22 20:28:30.483191 INFO::Fitting model to feature number 186, GGB33516
2025-09-22 20:28:30.521957 INFO::Fitting model to feature number 187, GGB3352
2025-09-22 20:28:30.586346 INFO::Fitting model to feature number 188, GGB33539
2025-09-22 20:28:30.629411 INFO::Fitting model to feature number 189, GGB33544
2025-09-22 20:28:30.668909 INFO::Fitting model to feature number 190, GGB33586
2025-09-22 20:28:30.709222 INFO::Fitting model to feature number 191, GGB3363
2025-09-22 20:28:30.749141 INFO::Fitting model to feature number 192, GGB34197
2025-09-22 20:28:30.785515 INFO::Fitting model to feature number 193, GGB34228
2025-09-22 20:28:30.825822 INFO::Fitting model to feature number 194, GGB34231
2025-09-22 20:28:30.865139 INFO::Fitting model to feature number 195, GGB3433
2025-09-22 20:28:30.916863 INFO::Fitting model to feature number 196, GGB3444
2025-09-22 20:28:30.969095 INFO::Fitting model to feature number 197, GGB3446
2025-09-22 20:28:31.014747 INFO::Fitting model to feature number 198, GGB3449
2025-09-22 20:28:31.052606 INFO::Fitting model to feature number 199, GGB34540
2025-09-22 20:28:31.093755 INFO::Fitting model to feature number 200, GGB3474
2025-09-22 20:28:31.133425 INFO::Fitting model to feature number 201, GGB3475
2025-09-22 20:28:31.174691 INFO::Fitting model to feature number 202, GGB3478
2025-09-22 20:28:31.215487 INFO::Fitting model to feature number 203, GGB34797
2025-09-22 20:28:31.266707 INFO::Fitting model to feature number 204, GGB3480
2025-09-22 20:28:31.316079 INFO::Fitting model to feature number 205, GGB3486
2025-09-22 20:28:31.361868 INFO::Fitting model to feature number 206, GGB3490
2025-09-22 20:28:31.40354 INFO::Fitting model to feature number 207, GGB34900
2025-09-22 20:28:31.45052 INFO::Fitting model to feature number 208, GGB3491
2025-09-22 20:28:31.494487 INFO::Fitting model to feature number 209, GGB3496
2025-09-22 20:28:31.534917 INFO::Fitting model to feature number 210, GGB3497
2025-09-22 20:28:31.576567 INFO::Fitting model to feature number 211, GGB35068
2025-09-22 20:28:31.612623 INFO::Fitting model to feature number 212, GGB3510
2025-09-22 20:28:31.681194 INFO::Fitting model to feature number 213, GGB3519
2025-09-22 20:28:31.72554 INFO::Fitting model to feature number 214, GGB3532
2025-09-22 20:28:31.764542 INFO::Fitting model to feature number 215, GGB3534
2025-09-22 20:28:31.801957 INFO::Fitting model to feature number 216, GGB3537
2025-09-22 20:28:31.844778 INFO::Fitting model to feature number 217, GGB3538
2025-09-22 20:28:31.883832 INFO::Fitting model to feature number 218, GGB3550
2025-09-22 20:28:31.922914 INFO::Fitting model to feature number 219, GGB35597
2025-09-22 20:28:31.963033 INFO::Fitting model to feature number 220, GGB3569
2025-09-22 20:28:32.012827 INFO::Fitting model to feature number 221, GGB3576
2025-09-22 20:28:32.060389 INFO::Fitting model to feature number 222, GGB3583
2025-09-22 20:28:32.107399 INFO::Fitting model to feature number 223, GGB3585
2025-09-22 20:28:32.150304 INFO::Fitting model to feature number 224, GGB3588
2025-09-22 20:28:32.194657 INFO::Fitting model to feature number 225, GGB3593
2025-09-22 20:28:32.231709 INFO::Fitting model to feature number 226, GGB3603
2025-09-22 20:28:32.273164 INFO::Fitting model to feature number 227, GGB3609
2025-09-22 20:28:32.318636 INFO::Fitting model to feature number 228, GGB3612
2025-09-22 20:28:32.388924 INFO::Fitting model to feature number 229, GGB3616
2025-09-22 20:28:32.431039 INFO::Fitting model to feature number 230, GGB3619
2025-09-22 20:28:32.475475 INFO::Fitting model to feature number 231, GGB3626
2025-09-22 20:28:32.516058 INFO::Fitting model to feature number 232, GGB36267
2025-09-22 20:28:32.550794 INFO::Fitting model to feature number 233, GGB3627
2025-09-22 20:28:32.594112 INFO::Fitting model to feature number 234, GGB36331
2025-09-22 20:28:32.632143 INFO::Fitting model to feature number 235, GGB3637
2025-09-22 20:28:32.671822 INFO::Fitting model to feature number 236, GGB3653
2025-09-22 20:28:32.725239 INFO::Fitting model to feature number 237, GGB3677
2025-09-22 20:28:32.774567 INFO::Fitting model to feature number 238, GGB3678
2025-09-22 20:28:32.819898 INFO::Fitting model to feature number 239, GGB3722
2025-09-22 20:28:32.865786 INFO::Fitting model to feature number 240, GGB3730
2025-09-22 20:28:32.905005 INFO::Fitting model to feature number 241, GGB3740
2025-09-22 20:28:32.943588 INFO::Fitting model to feature number 242, GGB3816
2025-09-22 20:28:32.984961 INFO::Fitting model to feature number 243, GGB3817
2025-09-22 20:28:33.023525 INFO::Fitting model to feature number 244, GGB3818
2025-09-22 20:28:33.073447 INFO::Fitting model to feature number 245, GGB3819
2025-09-22 20:28:33.113617 INFO::Fitting model to feature number 246, GGB38239
2025-09-22 20:28:33.154494 INFO::Fitting model to feature number 247, GGB3859
2025-09-22 20:28:33.211159 INFO::Fitting model to feature number 248, GGB38744
2025-09-22 20:28:33.251244 INFO::Fitting model to feature number 249, GGB3885
2025-09-22 20:28:33.28954 INFO::Fitting model to feature number 250, GGB3892
2025-09-22 20:28:33.329674 INFO::Fitting model to feature number 251, GGB38987
2025-09-22 20:28:33.366449 INFO::Fitting model to feature number 252, GGB39037
2025-09-22 20:28:33.426877 INFO::Fitting model to feature number 253, GGB40351
2025-09-22 20:28:33.467379 INFO::Fitting model to feature number 254, GGB41366
2025-09-22 20:28:33.505026 INFO::Fitting model to feature number 255, GGB41458
2025-09-22 20:28:33.548919 INFO::Fitting model to feature number 256, GGB42378
2025-09-22 20:28:33.585642 INFO::Fitting model to feature number 257, GGB42389
2025-09-22 20:28:33.644251 INFO::Fitting model to feature number 258, GGB4260
2025-09-22 20:28:33.684859 INFO::Fitting model to feature number 259, GGB4263
2025-09-22 20:28:33.724168 INFO::Fitting model to feature number 260, GGB42639
2025-09-22 20:28:33.775615 INFO::Fitting model to feature number 261, GGB4266
2025-09-22 20:28:33.816812 INFO::Fitting model to feature number 262, GGB42689
2025-09-22 20:28:33.858525 INFO::Fitting model to feature number 263, GGB42711
2025-09-22 20:28:33.897009 INFO::Fitting model to feature number 264, GGB4277
2025-09-22 20:28:33.935752 INFO::Fitting model to feature number 265, GGB43675
2025-09-22 20:28:33.976697 INFO::Fitting model to feature number 266, GGB44201
2025-09-22 20:28:34.019514 INFO::Fitting model to feature number 267, GGB4456
2025-09-22 20:28:34.074881 INFO::Fitting model to feature number 268, GGB4539
2025-09-22 20:28:34.127046 INFO::Fitting model to feature number 269, GGB4541
2025-09-22 20:28:34.167226 INFO::Fitting model to feature number 270, GGB45432
2025-09-22 20:28:34.206441 INFO::Fitting model to feature number 271, GGB4549
2025-09-22 20:28:34.249586 INFO::Fitting model to feature number 272, GGB45491
2025-09-22 20:28:34.295971 INFO::Fitting model to feature number 273, GGB45495
2025-09-22 20:28:34.332161 INFO::Fitting model to feature number 274, GGB45497
2025-09-22 20:28:34.370306 INFO::Fitting model to feature number 275, GGB4552
2025-09-22 20:28:34.409515 INFO::Fitting model to feature number 276, GGB4555
2025-09-22 20:28:34.477777 INFO::Fitting model to feature number 277, GGB4558
2025-09-22 20:28:34.523099 INFO::Fitting model to feature number 278, GGB4559
2025-09-22 20:28:34.560993 INFO::Fitting model to feature number 279, GGB45596
2025-09-22 20:28:34.599358 INFO::Fitting model to feature number 280, GGB45599
2025-09-22 20:28:34.637484 INFO::Fitting model to feature number 281, GGB45600
2025-09-22 20:28:34.678557 INFO::Fitting model to feature number 282, GGB45613
2025-09-22 20:28:34.717315 INFO::Fitting model to feature number 283, GGB45620
2025-09-22 20:28:34.757544 INFO::Fitting model to feature number 284, GGB4566
2025-09-22 20:28:34.813486 INFO::Fitting model to feature number 285, GGB4567
2025-09-22 20:28:34.869438 INFO::Fitting model to feature number 286, GGB4569
2025-09-22 20:28:34.913879 INFO::Fitting model to feature number 287, GGB4571
2025-09-22 20:28:34.951728 INFO::Fitting model to feature number 288, GGB4578
2025-09-22 20:28:34.993596 INFO::Fitting model to feature number 289, GGB4580
2025-09-22 20:28:35.031476 INFO::Fitting model to feature number 290, GGB4581
2025-09-22 20:28:35.071136 INFO::Fitting model to feature number 291, GGB4583
2025-09-22 20:28:35.11257 INFO::Fitting model to feature number 292, GGB4584
2025-09-22 20:28:35.16835 INFO::Fitting model to feature number 293, GGB4586
2025-09-22 20:28:35.220818 INFO::Fitting model to feature number 294, GGB4587
2025-09-22 20:28:35.265758 INFO::Fitting model to feature number 295, GGB4588
2025-09-22 20:28:35.305407 INFO::Fitting model to feature number 296, GGB4591
2025-09-22 20:28:35.344784 INFO::Fitting model to feature number 297, GGB4593
2025-09-22 20:28:35.384818 INFO::Fitting model to feature number 298, GGB4597
2025-09-22 20:28:35.427105 INFO::Fitting model to feature number 299, GGB4599
2025-09-22 20:28:35.468233 INFO::Fitting model to feature number 300, GGB4602
2025-09-22 20:28:35.54008 INFO::Fitting model to feature number 301, GGB4603
2025-09-22 20:28:35.582294 INFO::Fitting model to feature number 302, GGB4604
2025-09-22 20:28:35.625789 INFO::Fitting model to feature number 303, GGB4605
2025-09-22 20:28:35.683028 INFO::Fitting model to feature number 304, GGB4611
2025-09-22 20:28:35.730644 INFO::Fitting model to feature number 305, GGB4617
2025-09-22 20:28:35.772733 INFO::Fitting model to feature number 306, GGB4618
2025-09-22 20:28:35.815262 INFO::Fitting model to feature number 307, GGB4632
2025-09-22 20:28:35.859341 INFO::Fitting model to feature number 308, GGB4642
2025-09-22 20:28:35.915207 INFO::Fitting model to feature number 309, GGB4644
2025-09-22 20:28:35.956044 INFO::Fitting model to feature number 310, GGB4651
2025-09-22 20:28:36 INFO::Fitting model to feature number 311, GGB4652
2025-09-22 20:28:36.037379 INFO::Fitting model to feature number 312, GGB4657
2025-09-22 20:28:36.081558 INFO::Fitting model to feature number 313, GGB4659
2025-09-22 20:28:36.135778 INFO::Fitting model to feature number 314, GGB4664
2025-09-22 20:28:36.183067 INFO::Fitting model to feature number 315, GGB4681
2025-09-22 20:28:36.226482 INFO::Fitting model to feature number 316, GGB4683
2025-09-22 20:28:36.278625 INFO::Fitting model to feature number 317, GGB4684
2025-09-22 20:28:36.319354 INFO::Fitting model to feature number 318, GGB4689
2025-09-22 20:28:36.362112 INFO::Fitting model to feature number 319, GGB4694
2025-09-22 20:28:36.403205 INFO::Fitting model to feature number 320, GGB4697
2025-09-22 20:28:36.446575 INFO::Fitting model to feature number 321, GGB4699
2025-09-22 20:28:36.486092 INFO::Fitting model to feature number 322, GGB4700
2025-09-22 20:28:36.548544 INFO::Fitting model to feature number 323, GGB4710
2025-09-22 20:28:36.590422 INFO::Fitting model to feature number 324, GGB4713
2025-09-22 20:28:36.641709 INFO::Fitting model to feature number 325, GGB47148
2025-09-22 20:28:36.684155 INFO::Fitting model to feature number 326, GGB47150
2025-09-22 20:28:36.726194 INFO::Fitting model to feature number 327, GGB47174
2025-09-22 20:28:36.764818 INFO::Fitting model to feature number 328, GGB4722
2025-09-22 20:28:36.80547 INFO::Fitting model to feature number 329, GGB4723
2025-09-22 20:28:36.846349 INFO::Fitting model to feature number 330, GGB4739
2025-09-22 20:28:36.885234 INFO::Fitting model to feature number 331, GGB4745
2025-09-22 20:28:36.927948 INFO::Fitting model to feature number 332, GGB4750
2025-09-22 20:28:36.967735 INFO::Fitting model to feature number 333, GGB4768
2025-09-22 20:28:37.043601 INFO::Fitting model to feature number 334, GGB47687
2025-09-22 20:28:37.083192 INFO::Fitting model to feature number 335, GGB4773
2025-09-22 20:28:37.128319 INFO::Fitting model to feature number 336, GGB48165
2025-09-22 20:28:37.166434 INFO::Fitting model to feature number 337, GGB48168
2025-09-22 20:28:37.209724 INFO::Fitting model to feature number 338, GGB48169
2025-09-22 20:28:37.249706 INFO::Fitting model to feature number 339, GGB49418
2025-09-22 20:28:37.290937 INFO::Fitting model to feature number 340, GGB51441
2025-09-22 20:28:37.331963 INFO::Fitting model to feature number 341, GGB51647
2025-09-22 20:28:37.400051 INFO::Fitting model to feature number 342, GGB51658
2025-09-22 20:28:37.448137 INFO::Fitting model to feature number 343, GGB51959
2025-09-22 20:28:37.487478 INFO::Fitting model to feature number 344, GGB52106
2025-09-22 20:28:37.529405 INFO::Fitting model to feature number 345, GGB52130
2025-09-22 20:28:37.569816 INFO::Fitting model to feature number 346, GGB52930
2025-09-22 20:28:37.613409 INFO::Fitting model to feature number 347, GGB53380
2025-09-22 20:28:37.654152 INFO::Fitting model to feature number 348, GGB58071
2025-09-22 20:28:37.695593 INFO::Fitting model to feature number 349, GGB58158
2025-09-22 20:28:37.76594 INFO::Fitting model to feature number 350, GGB58233
2025-09-22 20:28:37.808959 INFO::Fitting model to feature number 351, GGB58485
2025-09-22 20:28:37.848638 INFO::Fitting model to feature number 352, GGB5998
2025-09-22 20:28:37.890541 INFO::Fitting model to feature number 353, GGB6002
2025-09-22 20:28:37.931574 INFO::Fitting model to feature number 354, GGB6006
2025-09-22 20:28:37.974981 INFO::Fitting model to feature number 355, GGB6007
2025-09-22 20:28:38.019187 INFO::Fitting model to feature number 356, GGB6020
2025-09-22 20:28:38.061079 INFO::Fitting model to feature number 357, GGB6123
2025-09-22 20:28:38.117273 INFO::Fitting model to feature number 358, GGB6126
2025-09-22 20:28:38.169934 INFO::Fitting model to feature number 359, GGB6132
2025-09-22 20:28:38.220182 INFO::Fitting model to feature number 360, GGB6518
2025-09-22 20:28:38.261857 INFO::Fitting model to feature number 361, GGB6522
2025-09-22 20:28:38.301655 INFO::Fitting model to feature number 362, GGB6565
2025-09-22 20:28:38.347747 INFO::Fitting model to feature number 363, GGB6574
2025-09-22 20:28:38.389042 INFO::Fitting model to feature number 364, GGB6580
2025-09-22 20:28:38.430378 INFO::Fitting model to feature number 365, GGB6600
2025-09-22 20:28:38.482729 INFO::Fitting model to feature number 366, GGB6601
2025-09-22 20:28:38.525784 INFO::Fitting model to feature number 367, GGB6606
2025-09-22 20:28:38.563981 INFO::Fitting model to feature number 368, GGB6608
2025-09-22 20:28:38.618032 INFO::Fitting model to feature number 369, GGB6612
2025-09-22 20:28:38.666932 INFO::Fitting model to feature number 370, GGB6613
2025-09-22 20:28:38.710095 INFO::Fitting model to feature number 371, GGB6649
2025-09-22 20:28:38.748818 INFO::Fitting model to feature number 372, GGB74505
2025-09-22 20:28:38.791568 INFO::Fitting model to feature number 373, GGB74665
2025-09-22 20:28:38.84502 INFO::Fitting model to feature number 374, GGB74703
2025-09-22 20:28:38.887006 INFO::Fitting model to feature number 375, GGB74802
2025-09-22 20:28:38.927438 INFO::Fitting model to feature number 376, GGB781
2025-09-22 20:28:38.968991 INFO::Fitting model to feature number 377, GGB79087
2025-09-22 20:28:39.02429 INFO::Fitting model to feature number 378, GGB87445
2025-09-22 20:28:39.071981 INFO::Fitting model to feature number 379, GGB8965
2025-09-22 20:28:39.110091 INFO::Fitting model to feature number 380, GGB9045
2025-09-22 20:28:39.152923 INFO::Fitting model to feature number 381, GGB9047
2025-09-22 20:28:39.208817 INFO::Fitting model to feature number 382, GGB9051
2025-09-22 20:28:39.249212 INFO::Fitting model to feature number 383, GGB9054
2025-09-22 20:28:39.295068 INFO::Fitting model to feature number 384, GGB9059
2025-09-22 20:28:39.337634 INFO::Fitting model to feature number 385, GGB9062
2025-09-22 20:28:39.382791 INFO::Fitting model to feature number 386, GGB9063
2025-09-22 20:28:39.435492 INFO::Fitting model to feature number 387, GGB9064
2025-09-22 20:28:39.47607 INFO::Fitting model to feature number 388, GGB9066
2025-09-22 20:28:39.517295 INFO::Fitting model to feature number 389, GGB9072
2025-09-22 20:28:39.571916 INFO::Fitting model to feature number 390, GGB9073
2025-09-22 20:28:39.614691 INFO::Fitting model to feature number 391, GGB9082
2025-09-22 20:28:39.658373 INFO::Fitting model to feature number 392, GGB9085
2025-09-22 20:28:39.69672 INFO::Fitting model to feature number 393, GGB9088
2025-09-22 20:28:39.751437 INFO::Fitting model to feature number 394, GGB9089
2025-09-22 20:28:39.799696 INFO::Fitting model to feature number 395, GGB9101
2025-09-22 20:28:39.842063 INFO::Fitting model to feature number 396, GGB9108
2025-09-22 20:28:39.882394 INFO::Fitting model to feature number 397, GGB9109
2025-09-22 20:28:39.93939 INFO::Fitting model to feature number 398, GGB9117
2025-09-22 20:28:39.980276 INFO::Fitting model to feature number 399, GGB9172
2025-09-22 20:28:40.021681 INFO::Fitting model to feature number 400, GGB9176
2025-09-22 20:28:40.063207 INFO::Fitting model to feature number 401, GGB9184
2025-09-22 20:28:40.104876 INFO::Fitting model to feature number 402, GGB9185
2025-09-22 20:28:40.143908 INFO::Fitting model to feature number 403, GGB9186
2025-09-22 20:28:40.20221 INFO::Fitting model to feature number 404, GGB9189
2025-09-22 20:28:40.251686 INFO::Fitting model to feature number 405, GGB9197
2025-09-22 20:28:40.302239 INFO::Fitting model to feature number 406, GGB9200
2025-09-22 20:28:40.344193 INFO::Fitting model to feature number 407, GGB9209
2025-09-22 20:28:40.385366 INFO::Fitting model to feature number 408, GGB9210
2025-09-22 20:28:40.423859 INFO::Fitting model to feature number 409, GGB9211
2025-09-22 20:28:40.463476 INFO::Fitting model to feature number 410, GGB9224
2025-09-22 20:28:40.50351 INFO::Fitting model to feature number 411, GGB9237
2025-09-22 20:28:40.544977 INFO::Fitting model to feature number 412, GGB9239
2025-09-22 20:28:40.601089 INFO::Fitting model to feature number 413, GGB9240
2025-09-22 20:28:40.660948 INFO::Fitting model to feature number 414, GGB9243
2025-09-22 20:28:40.702601 INFO::Fitting model to feature number 415, GGB9249
2025-09-22 20:28:40.741472 INFO::Fitting model to feature number 416, GGB9253
2025-09-22 20:28:40.781116 INFO::Fitting model to feature number 417, GGB9266
2025-09-22 20:28:40.823263 INFO::Fitting model to feature number 418, GGB9267
2025-09-22 20:28:40.861284 INFO::Fitting model to feature number 419, GGB9271
2025-09-22 20:28:40.903338 INFO::Fitting model to feature number 420, GGB9279
2025-09-22 20:28:40.940394 INFO::Fitting model to feature number 421, GGB9286
2025-09-22 20:28:41.004122 INFO::Fitting model to feature number 422, GGB9288
2025-09-22 20:28:41.048079 INFO::Fitting model to feature number 423, GGB9291
2025-09-22 20:28:41.091008 INFO::Fitting model to feature number 424, GGB9293
2025-09-22 20:28:41.132804 INFO::Fitting model to feature number 425, GGB9296
2025-09-22 20:28:41.17194 INFO::Fitting model to feature number 426, GGB9297
2025-09-22 20:28:41.211461 INFO::Fitting model to feature number 427, GGB9299
2025-09-22 20:28:41.255031 INFO::Fitting model to feature number 428, GGB9301
2025-09-22 20:28:41.290725 INFO::Fitting model to feature number 429, GGB9302
2025-09-22 20:28:41.34 INFO::Fitting model to feature number 430, GGB9303
2025-09-22 20:28:41.380658 INFO::Fitting model to feature number 431, GGB9333
2025-09-22 20:28:41.420874 INFO::Fitting model to feature number 432, GGB9342
2025-09-22 20:28:41.475644 INFO::Fitting model to feature number 433, GGB9343
2025-09-22 20:28:41.515187 INFO::Fitting model to feature number 434, GGB9345
2025-09-22 20:28:41.554987 INFO::Fitting model to feature number 435, GGB9347
2025-09-22 20:28:41.592975 INFO::Fitting model to feature number 436, GGB9348
2025-09-22 20:28:41.633209 INFO::Fitting model to feature number 437, GGB9350
2025-09-22 20:28:41.68217 INFO::Fitting model to feature number 438, GGB9359
2025-09-22 20:28:41.723148 INFO::Fitting model to feature number 439, GGB9361
2025-09-22 20:28:41.760772 INFO::Fitting model to feature number 440, GGB9365
2025-09-22 20:28:41.800748 INFO::Fitting model to feature number 441, GGB9370
2025-09-22 20:28:41.838534 INFO::Fitting model to feature number 442, GGB9380
2025-09-22 20:28:41.890901 INFO::Fitting model to feature number 443, GGB9411
2025-09-22 20:28:41.934526 INFO::Fitting model to feature number 444, GGB9412
2025-09-22 20:28:41.973811 INFO::Fitting model to feature number 445, GGB9434
2025-09-22 20:28:42.02312 INFO::Fitting model to feature number 446, GGB9444
2025-09-22 20:28:42.064086 INFO::Fitting model to feature number 447, GGB9453
2025-09-22 20:28:42.105733 INFO::Fitting model to feature number 448, GGB9454
2025-09-22 20:28:42.145676 INFO::Fitting model to feature number 449, GGB9464
2025-09-22 20:28:42.18429 INFO::Fitting model to feature number 450, GGB9469
2025-09-22 20:28:42.225658 INFO::Fitting model to feature number 451, GGB9474
2025-09-22 20:28:42.273381 INFO::Fitting model to feature number 452, GGB9476
2025-09-22 20:28:42.322781 INFO::Fitting model to feature number 453, GGB9480
2025-09-22 20:28:42.371038 INFO::Fitting model to feature number 454, GGB9491
2025-09-22 20:28:42.412058 INFO::Fitting model to feature number 455, GGB9499
2025-09-22 20:28:42.452632 INFO::Fitting model to feature number 456, GGB9501
2025-09-22 20:28:42.49082 INFO::Fitting model to feature number 457, GGB9502
2025-09-22 20:28:42.530368 INFO::Fitting model to feature number 458, GGB9509
2025-09-22 20:28:42.570057 INFO::Fitting model to feature number 459, GGB9512
2025-09-22 20:28:42.611178 INFO::Fitting model to feature number 460, GGB9522
2025-09-22 20:28:42.656753 INFO::Fitting model to feature number 461, GGB9523
2025-09-22 20:28:42.705781 INFO::Fitting model to feature number 462, GGB9524
2025-09-22 20:28:42.757197 INFO::Fitting model to feature number 463, GGB9525
2025-09-22 20:28:42.794455 INFO::Fitting model to feature number 464, GGB9529
2025-09-22 20:28:42.839847 INFO::Fitting model to feature number 465, GGB9531
2025-09-22 20:28:42.877445 INFO::Fitting model to feature number 466, GGB9532
2025-09-22 20:28:42.918906 INFO::Fitting model to feature number 467, GGB9534
2025-09-22 20:28:42.959825 INFO::Fitting model to feature number 468, GGB9537
2025-09-22 20:28:43.01286 INFO::Fitting model to feature number 469, GGB9543
2025-09-22 20:28:43.056966 INFO::Fitting model to feature number 470, GGB9545
2025-09-22 20:28:43.111972 INFO::Fitting model to feature number 471, GGB9547
2025-09-22 20:28:43.153334 INFO::Fitting model to feature number 472, GGB9551
2025-09-22 20:28:43.196408 INFO::Fitting model to feature number 473, GGB9559
2025-09-22 20:28:43.236864 INFO::Fitting model to feature number 474, GGB9561
2025-09-22 20:28:43.277532 INFO::Fitting model to feature number 475, GGB9563
2025-09-22 20:28:43.319586 INFO::Fitting model to feature number 476, GGB9574
2025-09-22 20:28:43.357979 INFO::Fitting model to feature number 477, GGB9580
2025-09-22 20:28:43.415445 INFO::Fitting model to feature number 478, GGB9583
2025-09-22 20:28:43.473853 INFO::Fitting model to feature number 479, GGB9602
2025-09-22 20:28:43.515409 INFO::Fitting model to feature number 480, GGB9608
2025-09-22 20:28:43.555691 INFO::Fitting model to feature number 481, GGB9611
2025-09-22 20:28:43.593354 INFO::Fitting model to feature number 482, GGB9613
2025-09-22 20:28:43.634853 INFO::Fitting model to feature number 483, GGB9614
2025-09-22 20:28:43.673265 INFO::Fitting model to feature number 484, GGB9616
2025-09-22 20:28:43.715182 INFO::Fitting model to feature number 485, GGB9618
2025-09-22 20:28:43.76679 INFO::Fitting model to feature number 486, GGB9619
2025-09-22 20:28:43.825329 INFO::Fitting model to feature number 487, GGB9620
2025-09-22 20:28:43.864379 INFO::Fitting model to feature number 488, GGB9621
2025-09-22 20:28:43.906853 INFO::Fitting model to feature number 489, GGB9623
2025-09-22 20:28:43.947146 INFO::Fitting model to feature number 490, GGB9627
2025-09-22 20:28:43.987389 INFO::Fitting model to feature number 491, GGB9630
2025-09-22 20:28:44.024507 INFO::Fitting model to feature number 492, GGB9634
2025-09-22 20:28:44.062556 INFO::Fitting model to feature number 493, GGB9635
2025-09-22 20:28:44.101653 INFO::Fitting model to feature number 494, GGB9636
2025-09-22 20:28:44.167315 INFO::Fitting model to feature number 495, GGB9637
2025-09-22 20:28:44.214049 INFO::Fitting model to feature number 496, GGB9640
2025-09-22 20:28:44.254972 INFO::Fitting model to feature number 497, GGB9641
2025-09-22 20:28:44.294623 INFO::Fitting model to feature number 498, GGB9642
2025-09-22 20:28:44.334533 INFO::Fitting model to feature number 499, GGB9646
2025-09-22 20:28:44.374075 INFO::Fitting model to feature number 500, GGB9667
2025-09-22 20:28:44.41551 INFO::Fitting model to feature number 501, GGB9677
2025-09-22 20:28:44.457236 INFO::Fitting model to feature number 502, GGB9690
2025-09-22 20:28:44.510154 INFO::Fitting model to feature number 503, GGB9691
2025-09-22 20:28:44.548152 INFO::Fitting model to feature number 504, GGB9694
2025-09-22 20:28:44.605321 INFO::Fitting model to feature number 505, GGB9695
2025-09-22 20:28:44.643919 INFO::Fitting model to feature number 506, GGB9696
2025-09-22 20:28:44.684219 INFO::Fitting model to feature number 507, GGB9697
2025-09-22 20:28:44.723566 INFO::Fitting model to feature number 508, GGB9699
2025-09-22 20:28:44.760919 INFO::Fitting model to feature number 509, GGB9707
2025-09-22 20:28:44.80198 INFO::Fitting model to feature number 510, GGB9708
2025-09-22 20:28:44.855938 INFO::Fitting model to feature number 511, GGB9710
2025-09-22 20:28:44.90943 INFO::Fitting model to feature number 512, GGB9712
2025-09-22 20:28:44.954806 INFO::Fitting model to feature number 513, GGB9715
2025-09-22 20:28:44.996178 INFO::Fitting model to feature number 514, GGB9719
2025-09-22 20:28:45.037522 INFO::Fitting model to feature number 515, GGB9724
2025-09-22 20:28:45.076796 INFO::Fitting model to feature number 516, GGB9730
2025-09-22 20:28:45.120706 INFO::Fitting model to feature number 517, GGB9734
2025-09-22 20:28:45.162359 INFO::Fitting model to feature number 518, GGB9737
2025-09-22 20:28:45.215674 INFO::Fitting model to feature number 519, GGB9739
2025-09-22 20:28:45.256616 INFO::Fitting model to feature number 520, GGB9743
2025-09-22 20:28:45.300624 INFO::Fitting model to feature number 521, GGB9747
2025-09-22 20:28:45.354972 INFO::Fitting model to feature number 522, GGB9758
2025-09-22 20:28:45.392975 INFO::Fitting model to feature number 523, GGB9759
2025-09-22 20:28:45.437084 INFO::Fitting model to feature number 524, GGB9760
2025-09-22 20:28:45.476174 INFO::Fitting model to feature number 525, GGB9762
2025-09-22 20:28:45.515303 INFO::Fitting model to feature number 526, GGB9764
2025-09-22 20:28:45.569751 INFO::Fitting model to feature number 527, GGB9765
2025-09-22 20:28:45.614156 INFO::Fitting model to feature number 528, GGB9766
2025-09-22 20:28:45.65563 INFO::Fitting model to feature number 529, GGB9767
2025-09-22 20:28:45.692789 INFO::Fitting model to feature number 530, GGB9770
2025-09-22 20:28:45.744669 INFO::Fitting model to feature number 531, GGB9773
2025-09-22 20:28:45.797122 INFO::Fitting model to feature number 532, GGB9774
2025-09-22 20:28:45.839662 INFO::Fitting model to feature number 533, GGB9775
2025-09-22 20:28:45.882791 INFO::Fitting model to feature number 534, GGB9778
2025-09-22 20:28:45.939401 INFO::Fitting model to feature number 535, GGB9780
2025-09-22 20:28:45.982407 INFO::Fitting model to feature number 536, GGB9781
2025-09-22 20:28:46.02347 INFO::Fitting model to feature number 537, GGB9782
2025-09-22 20:28:46.068202 INFO::Fitting model to feature number 538, GGB9784
2025-09-22 20:28:46.125458 INFO::Fitting model to feature number 539, GGB9785
2025-09-22 20:28:46.169402 INFO::Fitting model to feature number 540, GGB9786
2025-09-22 20:28:46.211393 INFO::Fitting model to feature number 541, GGB9787
2025-09-22 20:28:46.254278 INFO::Fitting model to feature number 542, GGB9788
2025-09-22 20:28:46.309241 INFO::Fitting model to feature number 543, GGB9790
2025-09-22 20:28:46.353397 INFO::Fitting model to feature number 544, GGB9813
2025-09-22 20:28:46.393516 INFO::Fitting model to feature number 545, GGB9818
2025-09-22 20:28:46.435614 INFO::Fitting model to feature number 546, GGB9819
2025-09-22 20:28:46.476816 INFO::Fitting model to feature number 547, GGB9832
2025-09-22 20:28:46.53306 INFO::Fitting model to feature number 548, Gemella
2025-09-22 20:28:46.574733 INFO::Fitting model to feature number 549, Gemmiger
2025-09-22 20:28:46.613652 INFO::Fitting model to feature number 550, Gordonibacter
2025-09-22 20:28:46.670747 INFO::Fitting model to feature number 551, Granulicatella
2025-09-22 20:28:46.712525 INFO::Fitting model to feature number 552, Granulimonas
2025-09-22 20:28:46.75695 INFO::Fitting model to feature number 553, Guopingia
2025-09-22 20:28:46.799413 INFO::Fitting model to feature number 554, Haemophilus
2025-09-22 20:28:46.838621 INFO::Fitting model to feature number 555, Hafnia
2025-09-22 20:28:46.890072 INFO::Fitting model to feature number 556, Holdemanella
2025-09-22 20:28:46.939429 INFO::Fitting model to feature number 557, Holdemania
2025-09-22 20:28:46.98163 INFO::Fitting model to feature number 558, Hungatella
2025-09-22 20:28:47.035887 INFO::Fitting model to feature number 559, Hydrogeniiclostridium
2025-09-22 20:28:47.077105 INFO::Fitting model to feature number 560, Hydrogenoanaerobacterium
2025-09-22 20:28:47.120185 INFO::Fitting model to feature number 561, Intestinibacillus
2025-09-22 20:28:47.164251 INFO::Fitting model to feature number 562, Intestinibacter
2025-09-22 20:28:47.206433 INFO::Fitting model to feature number 563, Intestinimonas
2025-09-22 20:28:47.257493 INFO::Fitting model to feature number 564, Jingyaoa
2025-09-22 20:28:47.303301 INFO::Fitting model to feature number 565, Jutongia
2025-09-22 20:28:47.345024 INFO::Fitting model to feature number 566, Kineothrix
2025-09-22 20:28:47.39689 INFO::Fitting model to feature number 567, Klebsiella
2025-09-22 20:28:47.440927 INFO::Fitting model to feature number 568, Lachnoclostridium
2025-09-22 20:28:47.477901 INFO::Fitting model to feature number 569, Lachnospira
2025-09-22 20:28:47.522049 INFO::Fitting model to feature number 570, Lachnospiraceae_unclassified
2025-09-22 20:28:47.561369 INFO::Fitting model to feature number 571, Lachnotalea
2025-09-22 20:28:47.604688 INFO::Fitting model to feature number 572, Lacrimispora
2025-09-22 20:28:47.648719 INFO::Fitting model to feature number 573, Lacticaseibacillus
2025-09-22 20:28:47.706124 INFO::Fitting model to feature number 574, Lactiplantibacillus
2025-09-22 20:28:47.757693 INFO::Fitting model to feature number 575, Lactobacillus
2025-09-22 20:28:47.805253 INFO::Fitting model to feature number 576, Lactococcus
2025-09-22 20:28:47.84812 INFO::Fitting model to feature number 577, Lactonifactor
2025-09-22 20:28:47.889359 INFO::Fitting model to feature number 578, Lancefieldella
2025-09-22 20:28:47.927667 INFO::Fitting model to feature number 579, Latilactobacillus
2025-09-22 20:28:47.96913 INFO::Fitting model to feature number 580, Lawsonibacter
2025-09-22 20:28:48.009577 INFO::Fitting model to feature number 581, Lentihominibacter
2025-09-22 20:28:48.052169 INFO::Fitting model to feature number 582, Lentilactobacillus
2025-09-22 20:28:48.100446 INFO::Fitting model to feature number 583, Leuconostoc
2025-09-22 20:28:48.16007 INFO::Fitting model to feature number 584, Levilactobacillus
2025-09-22 20:28:48.210059 INFO::Fitting model to feature number 585, Levyella
2025-09-22 20:28:48.255541 INFO::Fitting model to feature number 586, Ligaoa
2025-09-22 20:28:48.292038 INFO::Fitting model to feature number 587, Ligilactobacillus
2025-09-22 20:28:48.335517 INFO::Fitting model to feature number 588, Limosilactobacillus
2025-09-22 20:28:48.376241 INFO::Fitting model to feature number 589, Liquorilactobacillus
2025-09-22 20:28:48.413206 INFO::Fitting model to feature number 590, Loigolactobacillus
2025-09-22 20:28:48.46961 INFO::Fitting model to feature number 591, Longicatena
2025-09-22 20:28:48.511096 INFO::Fitting model to feature number 592, Luoshenia
2025-09-22 20:28:48.555435 INFO::Fitting model to feature number 593, Marseilla
2025-09-22 20:28:48.616881 INFO::Fitting model to feature number 594, Marvinbryantia
2025-09-22 20:28:48.659345 INFO::Fitting model to feature number 595, Massilicoli
2025-09-22 20:28:48.700559 INFO::Fitting model to feature number 596, Massiliimalia
2025-09-22 20:28:48.743763 INFO::Fitting model to feature number 597, Massilimicrobiota
2025-09-22 20:28:48.788851 INFO::Fitting model to feature number 598, Massilioclostridium
2025-09-22 20:28:48.841474 INFO::Fitting model to feature number 599, Massilistercora
2025-09-22 20:28:48.888958 INFO::Fitting model to feature number 600, Mediterraneibacter
2025-09-22 20:28:48.92925 INFO::Fitting model to feature number 601, Megamonas
2025-09-22 20:28:48.985427 INFO::Fitting model to feature number 602, Megasphaera
2025-09-22 20:28:49.035217 INFO::Fitting model to feature number 603, Merdibacter
2025-09-22 20:28:49.077757 INFO::Fitting model to feature number 604, Merdimonas
2025-09-22 20:28:49.118474 INFO::Fitting model to feature number 605, Mesosutterella
2025-09-22 20:28:49.158593 INFO::Fitting model to feature number 606, Methanobrevibacter
2025-09-22 20:28:49.209818 INFO::Fitting model to feature number 607, Methanosphaera
2025-09-22 20:28:49.257354 INFO::Fitting model to feature number 608, Mitsuokella
2025-09-22 20:28:49.297967 INFO::Fitting model to feature number 609, Mogibacterium
2025-09-22 20:28:49.341153 INFO::Fitting model to feature number 610, Monoglobus
2025-09-22 20:28:49.392798 INFO::Fitting model to feature number 611, Murdochiella
2025-09-22 20:28:49.44356 INFO::Fitting model to feature number 612, Murimonas
2025-09-22 20:28:49.487173 INFO::Fitting model to feature number 613, Negativibacillus
2025-09-22 20:28:49.528668 INFO::Fitting model to feature number 614, Neglectibacter
2025-09-22 20:28:49.581222 INFO::Fitting model to feature number 615, Neobittarella
2025-09-22 20:28:49.626845 INFO::Fitting model to feature number 616, Odoribacter
2025-09-22 20:28:49.669654 INFO::Fitting model to feature number 617, Olegusella
2025-09-22 20:28:49.708793 INFO::Fitting model to feature number 618, Oliverpabstia
2025-09-22 20:28:49.762993 INFO::Fitting model to feature number 619, Olsenella
2025-09-22 20:28:49.80959 INFO::Fitting model to feature number 620, Oribacterium
2025-09-22 20:28:49.853502 INFO::Fitting model to feature number 621, Oscillibacter
2025-09-22 20:28:49.892229 INFO::Fitting model to feature number 622, Oscillospiraceae_unclassified
2025-09-22 20:28:49.942631 INFO::Fitting model to feature number 623, Parabacteroides
2025-09-22 20:28:49.992281 INFO::Fitting model to feature number 624, Paraclostridium
2025-09-22 20:28:50.030164 INFO::Fitting model to feature number 625, Parafannyhessea
2025-09-22 20:28:50.074812 INFO::Fitting model to feature number 626, Paraprevotella
2025-09-22 20:28:50.118059 INFO::Fitting model to feature number 627, Parascardovia
2025-09-22 20:28:50.176146 INFO::Fitting model to feature number 628, Parasutterella
2025-09-22 20:28:50.221169 INFO::Fitting model to feature number 629, Paratractidigestivibacter
2025-09-22 20:28:50.261387 INFO::Fitting model to feature number 630, Parolsenella
2025-09-22 20:28:50.313814 INFO::Fitting model to feature number 631, Parvimonas
2025-09-22 20:28:50.358619 INFO::Fitting model to feature number 632, Pauljensenia
2025-09-22 20:28:50.402188 INFO::Fitting model to feature number 633, Pediococcus
2025-09-22 20:28:50.44447 INFO::Fitting model to feature number 634, Peptidiphaga
2025-09-22 20:28:50.488033 INFO::Fitting model to feature number 635, Peptoniphilus
2025-09-22 20:28:50.543142 INFO::Fitting model to feature number 636, Peptostreptococcus
2025-09-22 20:28:50.582102 INFO::Fitting model to feature number 637, Phascolarctobacterium
2025-09-22 20:28:50.621553 INFO::Fitting model to feature number 638, Phocaeicola
2025-09-22 20:28:50.657479 INFO::Fitting model to feature number 639, Phocea
2025-09-22 20:28:50.905362 INFO::Fitting model to feature number 640, Porphyromonas
2025-09-22 20:28:50.948459 INFO::Fitting model to feature number 641, Prevotella
2025-09-22 20:28:50.990733 INFO::Fitting model to feature number 642, Prevotellamassilia
2025-09-22 20:28:51.02955 INFO::Fitting model to feature number 643, Propionibacterium
2025-09-22 20:28:51.069845 INFO::Fitting model to feature number 644, Proteus
2025-09-22 20:28:51.108044 INFO::Fitting model to feature number 645, Provencibacterium
2025-09-22 20:28:51.170991 INFO::Fitting model to feature number 646, Pseudoflavonifractor
2025-09-22 20:28:51.211991 INFO::Fitting model to feature number 647, Pseudoramibacter
2025-09-22 20:28:51.259299 INFO::Fitting model to feature number 648, Pseudoruminococcus
2025-09-22 20:28:51.297852 INFO::Fitting model to feature number 649, Pyramidobacter
2025-09-22 20:28:51.33582 INFO::Fitting model to feature number 650, Raoultella
2025-09-22 20:28:51.375348 INFO::Fitting model to feature number 651, Raoultibacter
2025-09-22 20:28:51.414751 INFO::Fitting model to feature number 652, Romboutsia
2025-09-22 20:28:51.453613 INFO::Fitting model to feature number 653, Roseburia
2025-09-22 20:28:51.492087 INFO::Fitting model to feature number 654, Rothia
2025-09-22 20:28:51.53127 INFO::Fitting model to feature number 655, Rubneribacter
2025-09-22 20:28:51.590528 INFO::Fitting model to feature number 656, Ruminococcus
2025-09-22 20:28:51.635365 INFO::Fitting model to feature number 657, Ruthenibacterium
2025-09-22 20:28:51.675859 INFO::Fitting model to feature number 658, Sanguibacteroides
2025-09-22 20:28:51.714841 INFO::Fitting model to feature number 659, Scardovia
2025-09-22 20:28:51.754165 INFO::Fitting model to feature number 660, Schaalia
2025-09-22 20:28:51.792021 INFO::Fitting model to feature number 661, Segatella
2025-09-22 20:28:51.830992 INFO::Fitting model to feature number 662, Sellimonas
2025-09-22 20:28:51.876474 INFO::Fitting model to feature number 663, Senegalimassilia
2025-09-22 20:28:51.926202 INFO::Fitting model to feature number 664, Shuttleworthia
2025-09-22 20:28:51.965378 INFO::Fitting model to feature number 665, Simiaoa
2025-09-22 20:28:52.025719 INFO::Fitting model to feature number 666, Slackia
2025-09-22 20:28:52.068069 INFO::Fitting model to feature number 667, Solobacterium
2025-09-22 20:28:52.107446 INFO::Fitting model to feature number 668, Staphylococcus
2025-09-22 20:28:52.145899 INFO::Fitting model to feature number 669, Streptococcus
2025-09-22 20:28:52.189461 INFO::Fitting model to feature number 670, Sutterella
2025-09-22 20:28:52.226787 INFO::Fitting model to feature number 671, Thermophilibacter
2025-09-22 20:28:52.270299 INFO::Fitting model to feature number 672, Tractidigestivibacter
2025-09-22 20:28:52.327102 INFO::Fitting model to feature number 673, Traorella
2025-09-22 20:28:52.397928 INFO::Fitting model to feature number 674, Turicibacter
2025-09-22 20:28:52.441444 INFO::Fitting model to feature number 675, Turicimonas
2025-09-22 20:28:52.481122 INFO::Fitting model to feature number 676, Tyzzerella
2025-09-22 20:28:52.521554 INFO::Fitting model to feature number 677, Veillonella
2025-09-22 20:28:52.562522 INFO::Fitting model to feature number 678, Vescimonas
2025-09-22 20:28:52.606073 INFO::Fitting model to feature number 679, Victivallis
2025-09-22 20:28:52.645533 INFO::Fitting model to feature number 680, Wansuia
2025-09-22 20:28:52.693114 INFO::Fitting model to feature number 681, Weissella
2025-09-22 20:28:52.73094 INFO::Fitting model to feature number 682, Winkia
2025-09-22 20:28:52.786292 INFO::Fitting model to feature number 683, Wujia
2025-09-22 20:28:52.829298 INFO::Fitting model to feature number 684, Yanshouia
2025-09-22 20:28:52.874217 INFO::Fitting model to feature number 685, Yeguia
2025-09-22 20:28:52.924226 INFO::Fitting model to feature number 686, Youxingia
2025-09-22 20:28:52.969304 INFO::Fitting model to feature number 687, Zhenhengia
2025-09-22 20:28:53.010582 INFO::Fitting model to feature number 688, Zhenpiania
2025-09-22 20:28:53.182074 INFO::Counting total values for each feature
2025-09-22 20:28:53.315766 INFO::Writing filtered data to file maaslin2_outputV107/features/filtered_data.tsv
2025-09-22 20:28:53.415059 INFO::Writing filtered, normalized data to file maaslin2_outputV107/features/filtered_data_norm.tsv
2025-09-22 20:28:53.526168 INFO::Writing filtered, normalized, transformed data to file maaslin2_outputV107/features/filtered_data_norm_transformed.tsv
2025-09-22 20:28:53.710974 WARNING::Deleting existing residuals file: maaslin2_outputV107/fits/residuals.rds
2025-09-22 20:28:53.713071 INFO::Writing residuals to file maaslin2_outputV107/fits/residuals.rds
2025-09-22 20:28:53.742215 WARNING::Deleting existing fitted file: maaslin2_outputV107/fits/fitted.rds
2025-09-22 20:28:53.744061 INFO::Writing fitted values to file maaslin2_outputV107/fits/fitted.rds
2025-09-22 20:28:53.764126 WARNING::Deleting existing ranef file: maaslin2_outputV107/fits/ranef.rds
2025-09-22 20:28:53.766126 INFO::Writing extracted random effects to file maaslin2_outputV107/fits/ranef.rds
2025-09-22 20:28:53.770447 INFO::Writing all results to file (ordered by increasing q-values): maaslin2_outputV107/all_results.tsv
2025-09-22 20:28:53.8231 INFO::Writing the significant results (those which are less than or equal to the threshold of 0.250000 ) to file (ordered by increasing q-values): maaslin2_outputV107/significant_results.tsv
